{"/Users/amazecrest/ReactPrjocts/Weather Dashboard/src/App.tsx": {"path":"/Users/amazecrest/ReactPrjocts/Weather Dashboard/src/App.tsx","statementMap":{"0":{"start":{"line":7,"column":2},"end":{"line":18,"column":4}}},"fnMap":{"0":{"name":"App","decl":{"start":{"line":6,"column":9},"end":{"line":6,"column":12}},"loc":{"start":{"line":6,"column":15},"end":{"line":19,"column":1}},"line":6}},"branchMap":{},"s":{"0":0},"f":{"0":0},"b":{}}
,"/Users/amazecrest/ReactPrjocts/Weather Dashboard/src/index.tsx": {"path":"/Users/amazecrest/ReactPrjocts/Weather Dashboard/src/index.tsx","statementMap":{"0":{"start":{"line":6,"column":13},"end":{"line":8,"column":1}},"1":{"start":{"line":9,"column":0},"end":{"line":13,"column":2}}},"fnMap":{},"branchMap":{},"s":{"0":0,"1":0},"f":{},"b":{}}
,"/Users/amazecrest/ReactPrjocts/Weather Dashboard/src/components/CitySelector.tsx": {"path":"/Users/amazecrest/ReactPrjocts/Weather Dashboard/src/components/CitySelector.tsx","statementMap":{"0":{"start":{"line":12,"column":32},"end":{"line":18,"column":1}},"1":{"start":{"line":20,"column":50},"end":{"line":248,"column":1}},"2":{"start":{"line":25,"column":40},"end":{"line":25,"column":52}},"3":{"start":{"line":26,"column":44},"end":{"line":26,"column":64}},"4":{"start":{"line":27,"column":42},"end":{"line":27,"column":62}},"5":{"start":{"line":28,"column":30},"end":{"line":28,"column":45}},"6":{"start":{"line":29,"column":44},"end":{"line":29,"column":56}},"7":{"start":{"line":31,"column":20},"end":{"line":31,"column":50}},"8":{"start":{"line":32,"column":22},"end":{"line":32,"column":50}},"9":{"start":{"line":35,"column":2},"end":{"line":37,"column":9}},"10":{"start":{"line":36,"column":4},"end":{"line":36,"column":39}},"11":{"start":{"line":40,"column":2},"end":{"line":48,"column":20}},"12":{"start":{"line":41,"column":4},"end":{"line":47,"column":5}},"13":{"start":{"line":42,"column":6},"end":{"line":44,"column":9}},"14":{"start":{"line":43,"column":8},"end":{"line":43,"column":33}},"15":{"start":{"line":46,"column":6},"end":{"line":46,"column":27}},"16":{"start":{"line":51,"column":20},"end":{"line":51,"column":67}},"17":{"start":{"line":54,"column":25},"end":{"line":59,"column":7}},"18":{"start":{"line":57,"column":8},"end":{"line":58,"column":70}},"19":{"start":{"line":62,"column":22},"end":{"line":70,"column":3}},"20":{"start":{"line":65,"column":6},"end":{"line":68,"column":7}},"21":{"start":{"line":66,"column":8},"end":{"line":67,"column":58}},"22":{"start":{"line":72,"column":28},"end":{"line":75,"column":3}},"23":{"start":{"line":73,"column":4},"end":{"line":73,"column":35}},"24":{"start":{"line":74,"column":4},"end":{"line":74,"column":25}},"25":{"start":{"line":77,"column":27},"end":{"line":88,"column":3}},"26":{"start":{"line":79,"column":4},"end":{"line":82,"column":5}},"27":{"start":{"line":79,"column":49},"end":{"line":79,"column":65}},"28":{"start":{"line":80,"column":6},"end":{"line":80,"column":27}},"29":{"start":{"line":81,"column":6},"end":{"line":81,"column":47}},"30":{"start":{"line":81,"column":30},"end":{"line":81,"column":45}},"31":{"start":{"line":84,"column":4},"end":{"line":84,"column":23}},"32":{"start":{"line":85,"column":4},"end":{"line":85,"column":23}},"33":{"start":{"line":86,"column":4},"end":{"line":86,"column":21}},"34":{"start":{"line":87,"column":4},"end":{"line":87,"column":25}},"35":{"start":{"line":90,"column":24},"end":{"line":116,"column":3}},"36":{"start":{"line":91,"column":4},"end":{"line":91,"column":24}},"37":{"start":{"line":91,"column":17},"end":{"line":91,"column":24}},"38":{"start":{"line":93,"column":4},"end":{"line":115,"column":5}},"39":{"start":{"line":95,"column":8},"end":{"line":95,"column":27}},"40":{"start":{"line":96,"column":8},"end":{"line":98,"column":10}},"41":{"start":{"line":97,"column":10},"end":{"line":97,"column":57}},"42":{"start":{"line":99,"column":8},"end":{"line":99,"column":14}},"43":{"start":{"line":101,"column":8},"end":{"line":101,"column":27}},"44":{"start":{"line":102,"column":8},"end":{"line":102,"column":61}},"45":{"start":{"line":102,"column":33},"end":{"line":102,"column":59}},"46":{"start":{"line":103,"column":8},"end":{"line":103,"column":14}},"47":{"start":{"line":105,"column":8},"end":{"line":105,"column":27}},"48":{"start":{"line":106,"column":8},"end":{"line":108,"column":9}},"49":{"start":{"line":107,"column":10},"end":{"line":107,"column":55}},"50":{"start":{"line":109,"column":8},"end":{"line":109,"column":14}},"51":{"start":{"line":111,"column":8},"end":{"line":111,"column":25}},"52":{"start":{"line":112,"column":8},"end":{"line":112,"column":29}},"53":{"start":{"line":113,"column":8},"end":{"line":113,"column":27}},"54":{"start":{"line":114,"column":8},"end":{"line":114,"column":14}},"55":{"start":{"line":118,"column":33},"end":{"line":127,"column":3}},"56":{"start":{"line":119,"column":4},"end":{"line":119,"column":24}},"57":{"start":{"line":120,"column":4},"end":{"line":120,"column":29}},"58":{"start":{"line":121,"column":4},"end":{"line":121,"column":63}},"59":{"start":{"line":121,"column":28},"end":{"line":121,"column":61}},"60":{"start":{"line":121,"column":45},"end":{"line":121,"column":60}},"61":{"start":{"line":124,"column":4},"end":{"line":126,"column":5}},"62":{"start":{"line":125,"column":6},"end":{"line":125,"column":38}},"63":{"start":{"line":129,"column":30},"end":{"line":136,"column":3}},"64":{"start":{"line":130,"column":4},"end":{"line":130,"column":23}},"65":{"start":{"line":131,"column":4},"end":{"line":135,"column":5}},"66":{"start":{"line":132,"column":6},"end":{"line":134,"column":14}},"67":{"start":{"line":133,"column":8},"end":{"line":133,"column":35}},"68":{"start":{"line":138,"column":29},"end":{"line":144,"column":3}},"69":{"start":{"line":139,"column":4},"end":{"line":143,"column":12}},"70":{"start":{"line":140,"column":6},"end":{"line":140,"column":23}},"71":{"start":{"line":141,"column":6},"end":{"line":141,"column":27}},"72":{"start":{"line":142,"column":6},"end":{"line":142,"column":25}},"73":{"start":{"line":147,"column":23},"end":{"line":149,"column":109}},"74":{"start":{"line":151,"column":2},"end":{"line":247,"column":4}},"75":{"start":{"line":203,"column":18},"end":{"line":239,"column":24}},"76":{"start":{"line":205,"column":35},"end":{"line":205,"column":57}},"77":{"start":{"line":227,"column":63},"end":{"line":227,"column":79}},"78":{"start":{"line":229,"column":42},"end":{"line":229,"column":76}}},"fnMap":{"0":{"name":"(anonymous_0)","decl":{"start":{"line":20,"column":50},"end":{"line":20,"column":51}},"loc":{"start":{"line":24,"column":6},"end":{"line":248,"column":1}},"line":24},"1":{"name":"(anonymous_1)","decl":{"start":{"line":35,"column":12},"end":{"line":35,"column":13}},"loc":{"start":{"line":35,"column":18},"end":{"line":37,"column":3}},"line":35},"2":{"name":"(anonymous_2)","decl":{"start":{"line":40,"column":12},"end":{"line":40,"column":13}},"loc":{"start":{"line":40,"column":18},"end":{"line":48,"column":3}},"line":40},"3":{"name":"(anonymous_3)","decl":{"start":{"line":42,"column":41},"end":{"line":42,"column":42}},"loc":{"start":{"line":42,"column":53},"end":{"line":44,"column":7}},"line":42},"4":{"name":"(anonymous_4)","decl":{"start":{"line":56,"column":23},"end":{"line":56,"column":24}},"loc":{"start":{"line":57,"column":8},"end":{"line":58,"column":70}},"line":57},"5":{"name":"(anonymous_5)","decl":{"start":{"line":64,"column":28},"end":{"line":64,"column":29}},"loc":{"start":{"line":65,"column":6},"end":{"line":68,"column":7}},"line":65},"6":{"name":"(anonymous_6)","decl":{"start":{"line":65,"column":22},"end":{"line":65,"column":23}},"loc":{"start":{"line":66,"column":8},"end":{"line":67,"column":58}},"line":66},"7":{"name":"(anonymous_7)","decl":{"start":{"line":72,"column":28},"end":{"line":72,"column":29}},"loc":{"start":{"line":72,"column":72},"end":{"line":75,"column":3}},"line":72},"8":{"name":"(anonymous_8)","decl":{"start":{"line":77,"column":27},"end":{"line":77,"column":28}},"loc":{"start":{"line":77,"column":43},"end":{"line":88,"column":3}},"line":77},"9":{"name":"(anonymous_9)","decl":{"start":{"line":79,"column":44},"end":{"line":79,"column":45}},"loc":{"start":{"line":79,"column":49},"end":{"line":79,"column":65}},"line":79},"10":{"name":"(anonymous_10)","decl":{"start":{"line":81,"column":22},"end":{"line":81,"column":23}},"loc":{"start":{"line":81,"column":30},"end":{"line":81,"column":45}},"line":81},"11":{"name":"(anonymous_11)","decl":{"start":{"line":90,"column":24},"end":{"line":90,"column":25}},"loc":{"start":{"line":90,"column":52},"end":{"line":116,"column":3}},"line":90},"12":{"name":"(anonymous_12)","decl":{"start":{"line":96,"column":25},"end":{"line":96,"column":26}},"loc":{"start":{"line":97,"column":10},"end":{"line":97,"column":57}},"line":97},"13":{"name":"(anonymous_13)","decl":{"start":{"line":102,"column":25},"end":{"line":102,"column":26}},"loc":{"start":{"line":102,"column":33},"end":{"line":102,"column":59}},"line":102},"14":{"name":"(anonymous_14)","decl":{"start":{"line":118,"column":33},"end":{"line":118,"column":34}},"loc":{"start":{"line":118,"column":74},"end":{"line":127,"column":3}},"line":118},"15":{"name":"(anonymous_15)","decl":{"start":{"line":121,"column":20},"end":{"line":121,"column":21}},"loc":{"start":{"line":121,"column":28},"end":{"line":121,"column":61}},"line":121},"16":{"name":"(anonymous_16)","decl":{"start":{"line":121,"column":40},"end":{"line":121,"column":41}},"loc":{"start":{"line":121,"column":45},"end":{"line":121,"column":60}},"line":121},"17":{"name":"(anonymous_17)","decl":{"start":{"line":129,"column":30},"end":{"line":129,"column":31}},"loc":{"start":{"line":129,"column":36},"end":{"line":136,"column":3}},"line":129},"18":{"name":"(anonymous_18)","decl":{"start":{"line":132,"column":17},"end":{"line":132,"column":18}},"loc":{"start":{"line":132,"column":23},"end":{"line":134,"column":7}},"line":132},"19":{"name":"(anonymous_19)","decl":{"start":{"line":138,"column":29},"end":{"line":138,"column":30}},"loc":{"start":{"line":138,"column":35},"end":{"line":144,"column":3}},"line":138},"20":{"name":"(anonymous_20)","decl":{"start":{"line":139,"column":15},"end":{"line":139,"column":16}},"loc":{"start":{"line":139,"column":21},"end":{"line":143,"column":5}},"line":139},"21":{"name":"(anonymous_21)","decl":{"start":{"line":202,"column":33},"end":{"line":202,"column":34}},"loc":{"start":{"line":203,"column":18},"end":{"line":239,"column":24}},"line":203},"22":{"name":"(anonymous_22)","decl":{"start":{"line":205,"column":29},"end":{"line":205,"column":30}},"loc":{"start":{"line":205,"column":35},"end":{"line":205,"column":57}},"line":205},"23":{"name":"(anonymous_23)","decl":{"start":{"line":227,"column":58},"end":{"line":227,"column":59}},"loc":{"start":{"line":227,"column":63},"end":{"line":227,"column":79}},"line":227},"24":{"name":"(anonymous_24)","decl":{"start":{"line":229,"column":35},"end":{"line":229,"column":36}},"loc":{"start":{"line":229,"column":42},"end":{"line":229,"column":76}},"line":229}},"branchMap":{"0":{"loc":{"start":{"line":23,"column":2},"end":{"line":23,"column":16}},"type":"default-arg","locations":[{"start":{"line":23,"column":14},"end":{"line":23,"column":16}}],"line":23},"1":{"loc":{"start":{"line":41,"column":4},"end":{"line":47,"column":5}},"type":"if","locations":[{"start":{"line":41,"column":4},"end":{"line":47,"column":5}},{"start":{"line":45,"column":11},"end":{"line":47,"column":5}}],"line":41},"2":{"loc":{"start":{"line":54,"column":25},"end":{"line":59,"column":7}},"type":"cond-expr","locations":[{"start":{"line":55,"column":6},"end":{"line":55,"column":15}},{"start":{"line":56,"column":6},"end":{"line":59,"column":7}}],"line":54},"3":{"loc":{"start":{"line":57,"column":8},"end":{"line":58,"column":70}},"type":"binary-expr","locations":[{"start":{"line":57,"column":8},"end":{"line":57,"column":67}},{"start":{"line":58,"column":8},"end":{"line":58,"column":70}}],"line":57},"4":{"loc":{"start":{"line":66,"column":8},"end":{"line":67,"column":58}},"type":"binary-expr","locations":[{"start":{"line":66,"column":8},"end":{"line":66,"column":56}},{"start":{"line":67,"column":8},"end":{"line":67,"column":58}}],"line":66},"5":{"loc":{"start":{"line":79,"column":4},"end":{"line":82,"column":5}},"type":"if","locations":[{"start":{"line":79,"column":4},"end":{"line":82,"column":5}},{"start":{},"end":{}}],"line":79},"6":{"loc":{"start":{"line":79,"column":8},"end":{"line":79,"column":66}},"type":"binary-expr","locations":[{"start":{"line":79,"column":8},"end":{"line":79,"column":21}},{"start":{"line":79,"column":25},"end":{"line":79,"column":66}}],"line":79},"7":{"loc":{"start":{"line":91,"column":4},"end":{"line":91,"column":24}},"type":"if","locations":[{"start":{"line":91,"column":4},"end":{"line":91,"column":24}},{"start":{},"end":{}}],"line":91},"8":{"loc":{"start":{"line":93,"column":4},"end":{"line":115,"column":5}},"type":"switch","locations":[{"start":{"line":94,"column":6},"end":{"line":99,"column":14}},{"start":{"line":100,"column":6},"end":{"line":103,"column":14}},{"start":{"line":104,"column":6},"end":{"line":109,"column":14}},{"start":{"line":110,"column":6},"end":{"line":114,"column":14}}],"line":93},"9":{"loc":{"start":{"line":97,"column":10},"end":{"line":97,"column":57}},"type":"cond-expr","locations":[{"start":{"line":97,"column":42},"end":{"line":97,"column":50}},{"start":{"line":97,"column":53},"end":{"line":97,"column":57}}],"line":97},"10":{"loc":{"start":{"line":102,"column":33},"end":{"line":102,"column":59}},"type":"cond-expr","locations":[{"start":{"line":102,"column":44},"end":{"line":102,"column":52}},{"start":{"line":102,"column":55},"end":{"line":102,"column":59}}],"line":102},"11":{"loc":{"start":{"line":106,"column":8},"end":{"line":108,"column":9}},"type":"if","locations":[{"start":{"line":106,"column":8},"end":{"line":108,"column":9}},{"start":{},"end":{}}],"line":106},"12":{"loc":{"start":{"line":106,"column":12},"end":{"line":106,"column":68}},"type":"binary-expr","locations":[{"start":{"line":106,"column":12},"end":{"line":106,"column":30}},{"start":{"line":106,"column":34},"end":{"line":106,"column":68}}],"line":106},"13":{"loc":{"start":{"line":124,"column":4},"end":{"line":126,"column":5}},"type":"if","locations":[{"start":{"line":124,"column":4},"end":{"line":126,"column":5}},{"start":{},"end":{}}],"line":124},"14":{"loc":{"start":{"line":131,"column":4},"end":{"line":135,"column":5}},"type":"if","locations":[{"start":{"line":131,"column":4},"end":{"line":135,"column":5}},{"start":{},"end":{}}],"line":131},"15":{"loc":{"start":{"line":147,"column":23},"end":{"line":149,"column":109}},"type":"cond-expr","locations":[{"start":{"line":148,"column":6},"end":{"line":148,"column":27}},{"start":{"line":149,"column":6},"end":{"line":149,"column":109}}],"line":147},"16":{"loc":{"start":{"line":149,"column":27},"end":{"line":149,"column":78}},"type":"cond-expr","locations":[{"start":{"line":149,"column":48},"end":{"line":149,"column":73}},{"start":{"line":149,"column":76},"end":{"line":149,"column":78}}],"line":149},"17":{"loc":{"start":{"line":169,"column":7},"end":{"line":245,"column":7}},"type":"binary-expr","locations":[{"start":{"line":169,"column":7},"end":{"line":169,"column":13}},{"start":{"line":170,"column":8},"end":{"line":244,"column":14}}],"line":169},"18":{"loc":{"start":{"line":196,"column":13},"end":{"line":242,"column":13}},"type":"cond-expr","locations":[{"start":{"line":197,"column":14},"end":{"line":199,"column":20}},{"start":{"line":201,"column":14},"end":{"line":241,"column":20}}],"line":196},"19":{"loc":{"start":{"line":198,"column":17},"end":{"line":198,"column":89}},"type":"cond-expr","locations":[{"start":{"line":198,"column":42},"end":{"line":198,"column":69}},{"start":{"line":198,"column":72},"end":{"line":198,"column":89}}],"line":198},"20":{"loc":{"start":{"line":207,"column":22},"end":{"line":209,"column":45}},"type":"cond-expr","locations":[{"start":{"line":208,"column":26},"end":{"line":208,"column":52}},{"start":{"line":209,"column":26},"end":{"line":209,"column":45}}],"line":207},"21":{"loc":{"start":{"line":210,"column":24},"end":{"line":210,"column":114}},"type":"cond-expr","locations":[{"start":{"line":210,"column":51},"end":{"line":210,"column":109}},{"start":{"line":210,"column":112},"end":{"line":210,"column":114}}],"line":210},"22":{"loc":{"start":{"line":215,"column":25},"end":{"line":215,"column":92}},"type":"binary-expr","locations":[{"start":{"line":215,"column":25},"end":{"line":215,"column":35}},{"start":{"line":215,"column":39},"end":{"line":215,"column":92}}],"line":215},"23":{"loc":{"start":{"line":217,"column":23},"end":{"line":219,"column":23}},"type":"binary-expr","locations":[{"start":{"line":217,"column":23},"end":{"line":217,"column":47}},{"start":{"line":218,"column":24},"end":{"line":218,"column":94}}],"line":217},"24":{"loc":{"start":{"line":222,"column":23},"end":{"line":226,"column":23}},"type":"binary-expr","locations":[{"start":{"line":222,"column":23},"end":{"line":222,"column":36}},{"start":{"line":223,"column":24},"end":{"line":225,"column":31}}],"line":222},"25":{"loc":{"start":{"line":227,"column":23},"end":{"line":237,"column":23}},"type":"binary-expr","locations":[{"start":{"line":227,"column":23},"end":{"line":227,"column":36}},{"start":{"line":227,"column":40},"end":{"line":227,"column":80}},{"start":{"line":228,"column":24},"end":{"line":236,"column":33}}],"line":227}},"s":{"0":1,"1":1,"2":22,"3":22,"4":22,"5":22,"6":22,"7":22,"8":22,"9":22,"10":8,"11":22,"12":8,"13":0,"14":0,"15":8,"16":22,"17":22,"18":0,"19":22,"20":0,"21":0,"22":22,"23":0,"24":0,"25":22,"26":2,"27":0,"28":0,"29":0,"30":0,"31":2,"32":2,"33":2,"34":2,"35":22,"36":0,"37":0,"38":0,"39":0,"40":0,"41":0,"42":0,"43":0,"44":0,"45":0,"46":0,"47":0,"48":0,"49":0,"50":0,"51":0,"52":0,"53":0,"54":0,"55":22,"56":0,"57":0,"58":0,"59":0,"60":0,"61":0,"62":0,"63":22,"64":4,"65":4,"66":4,"67":0,"68":22,"69":0,"70":0,"71":0,"72":0,"73":22,"74":22,"75":28,"76":2,"77":0,"78":0},"f":{"0":22,"1":8,"2":8,"3":0,"4":0,"5":0,"6":0,"7":0,"8":2,"9":0,"10":0,"11":0,"12":0,"13":0,"14":0,"15":0,"16":0,"17":4,"18":0,"19":0,"20":0,"21":28,"22":2,"23":0,"24":0},"b":{"0":[20],"1":[0,8],"2":[22,0],"3":[0,0],"4":[0,0],"5":[0,2],"6":[2,0],"7":[0,0],"8":[0,0,0,0],"9":[0,0],"10":[0,0],"11":[0,0],"12":[0,0],"13":[0,0],"14":[4,0],"15":[0,22],"16":[0,22],"17":[22,4],"18":[0,4],"19":[0,0],"20":[0,28],"21":[4,24],"22":[28,0],"23":[28,24],"24":[28,0],"25":[28,0,0]},"_coverageSchema":"1a1c01bbd47fc00a2c39e90264f33305004495a9","hash":"ab4cb9fe4f3e440ad0a06281c95dbcf8f948a154"}
,"/Users/amazecrest/ReactPrjocts/Weather Dashboard/src/components/DateRangePicker.tsx": {"path":"/Users/amazecrest/ReactPrjocts/Weather Dashboard/src/components/DateRangePicker.tsx","statementMap":{"0":{"start":{"line":15,"column":56},"end":{"line":86,"column":1}},"1":{"start":{"line":20,"column":30},"end":{"line":20,"column":45}},"2":{"start":{"line":23,"column":20},"end":{"line":23,"column":45}},"3":{"start":{"line":24,"column":18},"end":{"line":24,"column":41}},"4":{"start":{"line":27,"column":23},"end":{"line":27,"column":96}},"5":{"start":{"line":30,"column":23},"end":{"line":38,"column":3}},"6":{"start":{"line":31,"column":18},"end":{"line":31,"column":34}},"7":{"start":{"line":32,"column":4},"end":{"line":37,"column":5}},"8":{"start":{"line":33,"column":6},"end":{"line":36,"column":9}},"9":{"start":{"line":40,"column":2},"end":{"line":85,"column":4}},"10":{"start":{"line":43,"column":23},"end":{"line":43,"column":41}},"11":{"start":{"line":76,"column":29},"end":{"line":76,"column":45}}},"fnMap":{"0":{"name":"(anonymous_0)","decl":{"start":{"line":15,"column":56},"end":{"line":15,"column":57}},"loc":{"start":{"line":19,"column":6},"end":{"line":86,"column":1}},"line":19},"1":{"name":"(anonymous_1)","decl":{"start":{"line":30,"column":23},"end":{"line":30,"column":24}},"loc":{"start":{"line":30,"column":40},"end":{"line":38,"column":3}},"line":30},"2":{"name":"(anonymous_2)","decl":{"start":{"line":43,"column":17},"end":{"line":43,"column":18}},"loc":{"start":{"line":43,"column":23},"end":{"line":43,"column":41}},"line":43},"3":{"name":"(anonymous_3)","decl":{"start":{"line":76,"column":23},"end":{"line":76,"column":24}},"loc":{"start":{"line":76,"column":29},"end":{"line":76,"column":45}},"line":76}},"branchMap":{"0":{"loc":{"start":{"line":18,"column":2},"end":{"line":18,"column":16}},"type":"default-arg","locations":[{"start":{"line":18,"column":14},"end":{"line":18,"column":16}}],"line":18},"1":{"loc":{"start":{"line":32,"column":4},"end":{"line":37,"column":5}},"type":"if","locations":[{"start":{"line":32,"column":4},"end":{"line":37,"column":5}},{"start":{},"end":{}}],"line":32},"2":{"loc":{"start":{"line":32,"column":8},"end":{"line":32,"column":40}},"type":"binary-expr","locations":[{"start":{"line":32,"column":8},"end":{"line":32,"column":23}},{"start":{"line":32,"column":27},"end":{"line":32,"column":40}}],"line":32},"3":{"loc":{"start":{"line":55,"column":7},"end":{"line":83,"column":7}},"type":"binary-expr","locations":[{"start":{"line":55,"column":7},"end":{"line":55,"column":13}},{"start":{"line":56,"column":8},"end":{"line":82,"column":14}}],"line":55}},"s":{"0":1,"1":8,"2":8,"3":8,"4":8,"5":8,"6":1,"7":1,"8":1,"9":8,"10":2,"11":0},"f":{"0":8,"1":1,"2":2,"3":0},"b":{"0":[7],"1":[1,0],"2":[1,1],"3":[8,2]},"_coverageSchema":"1a1c01bbd47fc00a2c39e90264f33305004495a9","hash":"14eb633a8423ec05df2b55f007439bad52bb7926"}
,"/Users/amazecrest/ReactPrjocts/Weather Dashboard/src/components/DetailedChart.tsx": {"path":"/Users/amazecrest/ReactPrjocts/Weather Dashboard/src/components/DetailedChart.tsx","statementMap":{"0":{"start":{"line":19,"column":92},"end":{"line":26,"column":1}},"1":{"start":{"line":28,"column":25},"end":{"line":28,"column":73}},"2":{"start":{"line":28,"column":45},"end":{"line":28,"column":72}},"3":{"start":{"line":30,"column":52},"end":{"line":106,"column":1}},"4":{"start":{"line":31,"column":2},"end":{"line":105,"column":4}},"5":{"start":{"line":47,"column":35},"end":{"line":47,"column":112}}},"fnMap":{"0":{"name":"(anonymous_0)","decl":{"start":{"line":28,"column":25},"end":{"line":28,"column":26}},"loc":{"start":{"line":28,"column":45},"end":{"line":28,"column":72}},"line":28},"1":{"name":"(anonymous_1)","decl":{"start":{"line":30,"column":52},"end":{"line":30,"column":53}},"loc":{"start":{"line":30,"column":78},"end":{"line":106,"column":1}},"line":30},"2":{"name":"(anonymous_2)","decl":{"start":{"line":47,"column":25},"end":{"line":47,"column":26}},"loc":{"start":{"line":47,"column":35},"end":{"line":47,"column":112}},"line":47}},"branchMap":{"0":{"loc":{"start":{"line":28,"column":45},"end":{"line":28,"column":72}},"type":"cond-expr","locations":[{"start":{"line":28,"column":65},"end":{"line":28,"column":67}},{"start":{"line":28,"column":70},"end":{"line":28,"column":72}}],"line":28},"1":{"loc":{"start":{"line":51,"column":18},"end":{"line":51,"column":66}},"type":"binary-expr","locations":[{"start":{"line":51,"column":18},"end":{"line":51,"column":56}},{"start":{"line":51,"column":60},"end":{"line":51,"column":66}}],"line":51},"2":{"loc":{"start":{"line":52,"column":24},"end":{"line":52,"column":72}},"type":"binary-expr","locations":[{"start":{"line":52,"column":24},"end":{"line":52,"column":62}},{"start":{"line":52,"column":66},"end":{"line":52,"column":72}}],"line":52},"3":{"loc":{"start":{"line":54,"column":22},"end":{"line":54,"column":77}},"type":"binary-expr","locations":[{"start":{"line":54,"column":22},"end":{"line":54,"column":60}},{"start":{"line":54,"column":64},"end":{"line":54,"column":77}}],"line":54},"4":{"loc":{"start":{"line":54,"column":82},"end":{"line":54,"column":125}},"type":"binary-expr","locations":[{"start":{"line":54,"column":82},"end":{"line":54,"column":119}},{"start":{"line":54,"column":123},"end":{"line":54,"column":125}}],"line":54},"5":{"loc":{"start":{"line":57,"column":18},"end":{"line":57,"column":66}},"type":"binary-expr","locations":[{"start":{"line":57,"column":18},"end":{"line":57,"column":56}},{"start":{"line":57,"column":60},"end":{"line":57,"column":66}}],"line":57},"6":{"loc":{"start":{"line":58,"column":73},"end":{"line":58,"column":128}},"type":"binary-expr","locations":[{"start":{"line":58,"column":73},"end":{"line":58,"column":111}},{"start":{"line":58,"column":115},"end":{"line":58,"column":128}}],"line":58},"7":{"loc":{"start":{"line":58,"column":133},"end":{"line":58,"column":176}},"type":"binary-expr","locations":[{"start":{"line":58,"column":133},"end":{"line":58,"column":170}},{"start":{"line":58,"column":174},"end":{"line":58,"column":176}}],"line":58},"8":{"loc":{"start":{"line":62,"column":9},"end":{"line":77,"column":9}},"type":"binary-expr","locations":[{"start":{"line":62,"column":9},"end":{"line":62,"column":30}},{"start":{"line":63,"column":10},"end":{"line":76,"column":12}}],"line":62},"9":{"loc":{"start":{"line":66,"column":20},"end":{"line":66,"column":68}},"type":"binary-expr","locations":[{"start":{"line":66,"column":20},"end":{"line":66,"column":58}},{"start":{"line":66,"column":62},"end":{"line":66,"column":68}}],"line":66},"10":{"loc":{"start":{"line":67,"column":26},"end":{"line":67,"column":74}},"type":"binary-expr","locations":[{"start":{"line":67,"column":26},"end":{"line":67,"column":64}},{"start":{"line":67,"column":68},"end":{"line":67,"column":74}}],"line":67},"11":{"loc":{"start":{"line":69,"column":24},"end":{"line":69,"column":79}},"type":"binary-expr","locations":[{"start":{"line":69,"column":24},"end":{"line":69,"column":62}},{"start":{"line":69,"column":66},"end":{"line":69,"column":79}}],"line":69},"12":{"loc":{"start":{"line":69,"column":84},"end":{"line":69,"column":127}},"type":"binary-expr","locations":[{"start":{"line":69,"column":84},"end":{"line":69,"column":121}},{"start":{"line":69,"column":125},"end":{"line":69,"column":127}}],"line":69},"13":{"loc":{"start":{"line":72,"column":20},"end":{"line":72,"column":68}},"type":"binary-expr","locations":[{"start":{"line":72,"column":20},"end":{"line":72,"column":58}},{"start":{"line":72,"column":62},"end":{"line":72,"column":68}}],"line":72},"14":{"loc":{"start":{"line":73,"column":75},"end":{"line":73,"column":130}},"type":"binary-expr","locations":[{"start":{"line":73,"column":75},"end":{"line":73,"column":113}},{"start":{"line":73,"column":117},"end":{"line":73,"column":130}}],"line":73},"15":{"loc":{"start":{"line":73,"column":135},"end":{"line":73,"column":178}},"type":"binary-expr","locations":[{"start":{"line":73,"column":135},"end":{"line":73,"column":172}},{"start":{"line":73,"column":176},"end":{"line":73,"column":178}}],"line":73},"16":{"loc":{"start":{"line":87,"column":18},"end":{"line":87,"column":66}},"type":"binary-expr","locations":[{"start":{"line":87,"column":18},"end":{"line":87,"column":56}},{"start":{"line":87,"column":60},"end":{"line":87,"column":66}}],"line":87},"17":{"loc":{"start":{"line":90,"column":19},"end":{"line":90,"column":74}},"type":"binary-expr","locations":[{"start":{"line":90,"column":19},"end":{"line":90,"column":57}},{"start":{"line":90,"column":61},"end":{"line":90,"column":74}}],"line":90},"18":{"loc":{"start":{"line":90,"column":79},"end":{"line":90,"column":122}},"type":"binary-expr","locations":[{"start":{"line":90,"column":79},"end":{"line":90,"column":116}},{"start":{"line":90,"column":120},"end":{"line":90,"column":122}}],"line":90},"19":{"loc":{"start":{"line":92,"column":9},"end":{"line":102,"column":9}},"type":"binary-expr","locations":[{"start":{"line":92,"column":9},"end":{"line":92,"column":30}},{"start":{"line":93,"column":10},"end":{"line":101,"column":12}}],"line":92},"20":{"loc":{"start":{"line":97,"column":20},"end":{"line":97,"column":68}},"type":"binary-expr","locations":[{"start":{"line":97,"column":20},"end":{"line":97,"column":58}},{"start":{"line":97,"column":62},"end":{"line":97,"column":68}}],"line":97},"21":{"loc":{"start":{"line":100,"column":21},"end":{"line":100,"column":76}},"type":"binary-expr","locations":[{"start":{"line":100,"column":21},"end":{"line":100,"column":59}},{"start":{"line":100,"column":63},"end":{"line":100,"column":76}}],"line":100},"22":{"loc":{"start":{"line":100,"column":81},"end":{"line":100,"column":124}},"type":"binary-expr","locations":[{"start":{"line":100,"column":81},"end":{"line":100,"column":118}},{"start":{"line":100,"column":122},"end":{"line":100,"column":124}}],"line":100}},"s":{"0":1,"1":1,"2":8,"3":1,"4":6,"5":0},"f":{"0":8,"1":6,"2":0},"b":{"0":[0,8],"1":[6,0],"2":[6,0],"3":[6,0],"4":[6,0],"5":[6,0],"6":[6,0],"7":[6,0],"8":[6,2],"9":[2,0],"10":[2,0],"11":[2,0],"12":[2,0],"13":[2,0],"14":[2,0],"15":[2,0],"16":[6,0],"17":[6,0],"18":[6,0],"19":[6,2],"20":[2,0],"21":[2,0],"22":[2,0]},"_coverageSchema":"1a1c01bbd47fc00a2c39e90264f33305004495a9","hash":"73f27224b6e9196050da3c11764326fe17cd988d"}
,"/Users/amazecrest/ReactPrjocts/Weather Dashboard/src/components/LoadingSpinner.tsx": {"path":"/Users/amazecrest/ReactPrjocts/Weather Dashboard/src/components/LoadingSpinner.tsx","statementMap":{"0":{"start":{"line":8,"column":54},"end":{"line":23,"column":1}},"1":{"start":{"line":12,"column":22},"end":{"line":16,"column":3}},"2":{"start":{"line":18,"column":2},"end":{"line":22,"column":4}}},"fnMap":{"0":{"name":"(anonymous_0)","decl":{"start":{"line":8,"column":54},"end":{"line":8,"column":55}},"loc":{"start":{"line":11,"column":6},"end":{"line":23,"column":1}},"line":11}},"branchMap":{"0":{"loc":{"start":{"line":9,"column":2},"end":{"line":9,"column":16}},"type":"default-arg","locations":[{"start":{"line":9,"column":14},"end":{"line":9,"column":16}}],"line":9},"1":{"loc":{"start":{"line":10,"column":2},"end":{"line":10,"column":13}},"type":"default-arg","locations":[{"start":{"line":10,"column":9},"end":{"line":10,"column":13}}],"line":10}},"s":{"0":1,"1":11,"2":11},"f":{"0":11},"b":{"0":[8],"1":[7]},"_coverageSchema":"1a1c01bbd47fc00a2c39e90264f33305004495a9","hash":"00137577a24c218b434122d7fd7549289da55b00"}
,"/Users/amazecrest/ReactPrjocts/Weather Dashboard/src/components/MultiParameterChart.tsx": {"path":"/Users/amazecrest/ReactPrjocts/Weather Dashboard/src/components/MultiParameterChart.tsx","statementMap":{"0":{"start":{"line":12,"column":64},"end":{"line":106,"column":1}},"1":{"start":{"line":17,"column":29},"end":{"line":19,"column":3}},"2":{"start":{"line":18,"column":4},"end":{"line":18,"column":54}},"3":{"start":{"line":18,"column":39},"end":{"line":18,"column":52}},"4":{"start":{"line":21,"column":22},"end":{"line":21,"column":53}},"5":{"start":{"line":22,"column":17},"end":{"line":22,"column":58}},"6":{"start":{"line":23,"column":17},"end":{"line":23,"column":58}},"7":{"start":{"line":26,"column":23},"end":{"line":26,"column":91}},"8":{"start":{"line":28,"column":2},"end":{"line":105,"column":4}},"9":{"start":{"line":68,"column":29},"end":{"line":68,"column":53}},"10":{"start":{"line":69,"column":14},"end":{"line":72,"column":16}},"11":{"start":{"line":74,"column":39},"end":{"line":74,"column":55}},"12":{"start":{"line":78,"column":27},"end":{"line":78,"column":55}},"13":{"start":{"line":79,"column":12},"end":{"line":79,"column":37}},"14":{"start":{"line":79,"column":25},"end":{"line":79,"column":37}},"15":{"start":{"line":81,"column":28},"end":{"line":81,"column":74}},"16":{"start":{"line":83,"column":12},"end":{"line":95,"column":14}}},"fnMap":{"0":{"name":"(anonymous_0)","decl":{"start":{"line":12,"column":64},"end":{"line":12,"column":65}},"loc":{"start":{"line":16,"column":6},"end":{"line":106,"column":1}},"line":16},"1":{"name":"(anonymous_1)","decl":{"start":{"line":17,"column":29},"end":{"line":17,"column":30}},"loc":{"start":{"line":17,"column":75},"end":{"line":19,"column":3}},"line":17},"2":{"name":"(anonymous_2)","decl":{"start":{"line":18,"column":34},"end":{"line":18,"column":35}},"loc":{"start":{"line":18,"column":39},"end":{"line":18,"column":52}},"line":18},"3":{"name":"(anonymous_3)","decl":{"start":{"line":67,"column":23},"end":{"line":67,"column":24}},"loc":{"start":{"line":67,"column":56},"end":{"line":73,"column":13}},"line":67},"4":{"name":"(anonymous_4)","decl":{"start":{"line":74,"column":28},"end":{"line":74,"column":29}},"loc":{"start":{"line":74,"column":39},"end":{"line":74,"column":55}},"line":74},"5":{"name":"(anonymous_5)","decl":{"start":{"line":77,"column":34},"end":{"line":77,"column":35}},"loc":{"start":{"line":77,"column":55},"end":{"line":96,"column":11}},"line":77}},"branchMap":{"0":{"loc":{"start":{"line":15,"column":2},"end":{"line":15,"column":16}},"type":"default-arg","locations":[{"start":{"line":15,"column":14},"end":{"line":15,"column":16}}],"line":15},"1":{"loc":{"start":{"line":26,"column":23},"end":{"line":26,"column":91}},"type":"binary-expr","locations":[{"start":{"line":26,"column":23},"end":{"line":26,"column":34}},{"start":{"line":26,"column":38},"end":{"line":26,"column":44}},{"start":{"line":26,"column":48},"end":{"line":26,"column":54}},{"start":{"line":26,"column":58},"end":{"line":26,"column":91}}],"line":26},"2":{"loc":{"start":{"line":49,"column":21},"end":{"line":49,"column":69}},"type":"cond-expr","locations":[{"start":{"line":49,"column":30},"end":{"line":49,"column":64}},{"start":{"line":49,"column":67},"end":{"line":49,"column":69}}],"line":49},"3":{"loc":{"start":{"line":54,"column":11},"end":{"line":65,"column":11}},"type":"binary-expr","locations":[{"start":{"line":54,"column":11},"end":{"line":54,"column":23}},{"start":{"line":55,"column":12},"end":{"line":64,"column":14}}],"line":54},"4":{"loc":{"start":{"line":60,"column":23},"end":{"line":60,"column":71}},"type":"cond-expr","locations":[{"start":{"line":60,"column":32},"end":{"line":60,"column":66}},{"start":{"line":60,"column":69},"end":{"line":60,"column":71}}],"line":60},"5":{"loc":{"start":{"line":70,"column":27},"end":{"line":70,"column":45}},"type":"binary-expr","locations":[{"start":{"line":70,"column":27},"end":{"line":70,"column":39}},{"start":{"line":70,"column":43},"end":{"line":70,"column":45}}],"line":70},"6":{"loc":{"start":{"line":71,"column":16},"end":{"line":71,"column":37}},"type":"binary-expr","locations":[{"start":{"line":71,"column":16},"end":{"line":71,"column":29}},{"start":{"line":71,"column":33},"end":{"line":71,"column":37}}],"line":71},"7":{"loc":{"start":{"line":79,"column":12},"end":{"line":79,"column":37}},"type":"if","locations":[{"start":{"line":79,"column":12},"end":{"line":79,"column":37}},{"start":{},"end":{}}],"line":79},"8":{"loc":{"start":{"line":81,"column":28},"end":{"line":81,"column":74}},"type":"cond-expr","locations":[{"start":{"line":81,"column":58},"end":{"line":81,"column":65}},{"start":{"line":81,"column":68},"end":{"line":81,"column":74}}],"line":81},"9":{"loc":{"start":{"line":81,"column":28},"end":{"line":81,"column":55}},"type":"binary-expr","locations":[{"start":{"line":81,"column":28},"end":{"line":81,"column":40}},{"start":{"line":81,"column":44},"end":{"line":81,"column":55}}],"line":81},"10":{"loc":{"start":{"line":99,"column":7},"end":{"line":103,"column":7}},"type":"binary-expr","locations":[{"start":{"line":99,"column":7},"end":{"line":99,"column":38}},{"start":{"line":100,"column":8},"end":{"line":102,"column":14}}],"line":99}},"s":{"0":1,"1":6,"2":20,"3":60,"4":6,"5":6,"6":6,"7":6,"8":6,"9":0,"10":0,"11":0,"12":8,"13":8,"14":0,"15":8,"16":8},"f":{"0":6,"1":20,"2":60,"3":0,"4":0,"5":8},"b":{"0":[6],"1":[6,2,2,2],"2":[6,0],"3":[6,2],"4":[2,0],"5":[0,0],"6":[0,0],"7":[0,8],"8":[2,6],"9":[8,4],"10":[6,0]},"_coverageSchema":"1a1c01bbd47fc00a2c39e90264f33305004495a9","hash":"6c25a79883f4085e136e296d506c14d44739cb09"}
,"/Users/amazecrest/ReactPrjocts/Weather Dashboard/src/components/ParameterSelector.tsx": {"path":"/Users/amazecrest/ReactPrjocts/Weather Dashboard/src/components/ParameterSelector.tsx","statementMap":{"0":{"start":{"line":3,"column":26},"end":{"line":10,"column":1}},"1":{"start":{"line":17,"column":60},"end":{"line":122,"column":1}},"2":{"start":{"line":18,"column":30},"end":{"line":18,"column":45}},"3":{"start":{"line":19,"column":22},"end":{"line":19,"column":50}},"4":{"start":{"line":22,"column":2},"end":{"line":32,"column":9}},"5":{"start":{"line":23,"column":31},"end":{"line":27,"column":5}},"6":{"start":{"line":24,"column":6},"end":{"line":26,"column":7}},"7":{"start":{"line":25,"column":8},"end":{"line":25,"column":25}},"8":{"start":{"line":28,"column":4},"end":{"line":28,"column":63}},"9":{"start":{"line":29,"column":4},"end":{"line":31,"column":6}},"10":{"start":{"line":30,"column":6},"end":{"line":30,"column":68}},"11":{"start":{"line":34,"column":23},"end":{"line":39,"column":3}},"12":{"start":{"line":35,"column":4},"end":{"line":35,"column":56}},"13":{"start":{"line":35,"column":49},"end":{"line":35,"column":56}},"14":{"start":{"line":36,"column":4},"end":{"line":38,"column":5}},"15":{"start":{"line":37,"column":6},"end":{"line":37,"column":62}},"16":{"start":{"line":41,"column":23},"end":{"line":44,"column":3}},"17":{"start":{"line":42,"column":4},"end":{"line":42,"column":24}},"18":{"start":{"line":43,"column":4},"end":{"line":43,"column":75}},"19":{"start":{"line":43,"column":56},"end":{"line":43,"column":72}},"20":{"start":{"line":46,"column":22},"end":{"line":48,"column":8}},"21":{"start":{"line":50,"column":2},"end":{"line":121,"column":4}},"22":{"start":{"line":53,"column":23},"end":{"line":53,"column":41}},"23":{"start":{"line":62,"column":29},"end":{"line":62,"column":77}},"24":{"start":{"line":62,"column":58},"end":{"line":62,"column":76}},"25":{"start":{"line":63,"column":12},"end":{"line":80,"column":14}},"26":{"start":{"line":72,"column":32},"end":{"line":72,"column":54}},"27":{"start":{"line":93,"column":33},"end":{"line":93,"column":73}},"28":{"start":{"line":94,"column":33},"end":{"line":94,"column":78}},"29":{"start":{"line":95,"column":14},"end":{"line":115,"column":16}},"30":{"start":{"line":98,"column":33},"end":{"line":98,"column":73}}},"fnMap":{"0":{"name":"(anonymous_0)","decl":{"start":{"line":17,"column":60},"end":{"line":17,"column":61}},"loc":{"start":{"line":17,"column":108},"end":{"line":122,"column":1}},"line":17},"1":{"name":"(anonymous_1)","decl":{"start":{"line":22,"column":12},"end":{"line":22,"column":13}},"loc":{"start":{"line":22,"column":18},"end":{"line":32,"column":3}},"line":22},"2":{"name":"(anonymous_2)","decl":{"start":{"line":23,"column":31},"end":{"line":23,"column":32}},"loc":{"start":{"line":23,"column":54},"end":{"line":27,"column":5}},"line":23},"3":{"name":"(anonymous_3)","decl":{"start":{"line":29,"column":11},"end":{"line":29,"column":12}},"loc":{"start":{"line":29,"column":17},"end":{"line":31,"column":5}},"line":29},"4":{"name":"(anonymous_4)","decl":{"start":{"line":34,"column":23},"end":{"line":34,"column":24}},"loc":{"start":{"line":34,"column":47},"end":{"line":39,"column":3}},"line":34},"5":{"name":"(anonymous_5)","decl":{"start":{"line":41,"column":23},"end":{"line":41,"column":24}},"loc":{"start":{"line":41,"column":68},"end":{"line":44,"column":3}},"line":41},"6":{"name":"(anonymous_6)","decl":{"start":{"line":43,"column":49},"end":{"line":43,"column":50}},"loc":{"start":{"line":43,"column":56},"end":{"line":43,"column":72}},"line":43},"7":{"name":"(anonymous_7)","decl":{"start":{"line":53,"column":17},"end":{"line":53,"column":18}},"loc":{"start":{"line":53,"column":23},"end":{"line":53,"column":41}},"line":53},"8":{"name":"(anonymous_8)","decl":{"start":{"line":61,"column":34},"end":{"line":61,"column":35}},"loc":{"start":{"line":61,"column":45},"end":{"line":81,"column":11}},"line":61},"9":{"name":"(anonymous_9)","decl":{"start":{"line":62,"column":52},"end":{"line":62,"column":53}},"loc":{"start":{"line":62,"column":58},"end":{"line":62,"column":76}},"line":62},"10":{"name":"(anonymous_10)","decl":{"start":{"line":72,"column":27},"end":{"line":72,"column":28}},"loc":{"start":{"line":72,"column":32},"end":{"line":72,"column":54}},"line":72},"11":{"name":"(anonymous_11)","decl":{"start":{"line":92,"column":35},"end":{"line":92,"column":36}},"loc":{"start":{"line":92,"column":46},"end":{"line":116,"column":13}},"line":92},"12":{"name":"(anonymous_12)","decl":{"start":{"line":98,"column":27},"end":{"line":98,"column":28}},"loc":{"start":{"line":98,"column":33},"end":{"line":98,"column":73}},"line":98}},"branchMap":{"0":{"loc":{"start":{"line":24,"column":6},"end":{"line":26,"column":7}},"type":"if","locations":[{"start":{"line":24,"column":6},"end":{"line":26,"column":7}},{"start":{},"end":{}}],"line":24},"1":{"loc":{"start":{"line":24,"column":10},"end":{"line":24,"column":84}},"type":"binary-expr","locations":[{"start":{"line":24,"column":10},"end":{"line":24,"column":29}},{"start":{"line":24,"column":33},"end":{"line":24,"column":84}}],"line":24},"2":{"loc":{"start":{"line":35,"column":4},"end":{"line":35,"column":56}},"type":"if","locations":[{"start":{"line":35,"column":4},"end":{"line":35,"column":56}},{"start":{},"end":{}}],"line":35},"3":{"loc":{"start":{"line":36,"column":4},"end":{"line":38,"column":5}},"type":"if","locations":[{"start":{"line":36,"column":4},"end":{"line":38,"column":5}},{"start":{},"end":{}}],"line":36},"4":{"loc":{"start":{"line":46,"column":22},"end":{"line":48,"column":8}},"type":"cond-expr","locations":[{"start":{"line":47,"column":6},"end":{"line":47,"column":36}},{"start":{"line":48,"column":6},"end":{"line":48,"column":8}}],"line":46},"5":{"loc":{"start":{"line":58,"column":11},"end":{"line":60,"column":11}},"type":"binary-expr","locations":[{"start":{"line":58,"column":11},"end":{"line":58,"column":42}},{"start":{"line":59,"column":12},"end":{"line":59,"column":64}}],"line":58},"6":{"loc":{"start":{"line":68,"column":17},"end":{"line":68,"column":41}},"type":"binary-expr","locations":[{"start":{"line":68,"column":17},"end":{"line":68,"column":32}},{"start":{"line":68,"column":36},"end":{"line":68,"column":41}}],"line":68},"7":{"loc":{"start":{"line":84,"column":72},"end":{"line":84,"column":98}},"type":"cond-expr","locations":[{"start":{"line":84,"column":81},"end":{"line":84,"column":93}},{"start":{"line":84,"column":96},"end":{"line":84,"column":98}}],"line":84},"8":{"loc":{"start":{"line":89,"column":7},"end":{"line":119,"column":7}},"type":"binary-expr","locations":[{"start":{"line":89,"column":7},"end":{"line":89,"column":13}},{"start":{"line":90,"column":8},"end":{"line":118,"column":14}}],"line":89},"9":{"loc":{"start":{"line":94,"column":33},"end":{"line":94,"column":78}},"type":"binary-expr","locations":[{"start":{"line":94,"column":33},"end":{"line":94,"column":63}},{"start":{"line":94,"column":67},"end":{"line":94,"column":78}}],"line":94},"10":{"loc":{"start":{"line":98,"column":33},"end":{"line":98,"column":73}},"type":"binary-expr","locations":[{"start":{"line":98,"column":33},"end":{"line":98,"column":44}},{"start":{"line":98,"column":48},"end":{"line":98,"column":73}}],"line":98},"11":{"loc":{"start":{"line":100,"column":20},"end":{"line":104,"column":58}},"type":"cond-expr","locations":[{"start":{"line":101,"column":24},"end":{"line":101,"column":77}},{"start":{"line":102,"column":24},"end":{"line":104,"column":58}}],"line":100},"12":{"loc":{"start":{"line":102,"column":24},"end":{"line":104,"column":58}},"type":"cond-expr","locations":[{"start":{"line":103,"column":26},"end":{"line":103,"column":60}},{"start":{"line":104,"column":26},"end":{"line":104,"column":58}}],"line":102},"13":{"loc":{"start":{"line":106,"column":36},"end":{"line":106,"column":56}},"type":"cond-expr","locations":[{"start":{"line":106,"column":49},"end":{"line":106,"column":52}},{"start":{"line":106,"column":55},"end":{"line":106,"column":56}}],"line":106},"14":{"loc":{"start":{"line":109,"column":19},"end":{"line":113,"column":19}},"type":"binary-expr","locations":[{"start":{"line":109,"column":19},"end":{"line":109,"column":29}},{"start":{"line":110,"column":20},"end":{"line":112,"column":26}}],"line":109}},"s":{"0":1,"1":1,"2":7,"3":7,"4":7,"5":6,"6":0,"7":0,"8":6,"9":6,"10":6,"11":7,"12":0,"13":0,"14":0,"15":0,"16":7,"17":0,"18":0,"19":0,"20":7,"21":7,"22":1,"23":4,"24":5,"25":4,"26":0,"27":6,"28":6,"29":6,"30":0},"f":{"0":7,"1":6,"2":0,"3":6,"4":0,"5":0,"6":0,"7":1,"8":4,"9":5,"10":0,"11":6,"12":0},"b":{"0":[0,0],"1":[0,0],"2":[0,0],"3":[0,0],"4":[4,3],"5":[7,4],"6":[4,0],"7":[1,6],"8":[7,1],"9":[6,0],"10":[0,0],"11":[0,6],"12":[0,6],"13":[0,6],"14":[6,0]},"_coverageSchema":"1a1c01bbd47fc00a2c39e90264f33305004495a9","hash":"d3dd397e860e34e1827ee91dee19826ec633edbe"}
,"/Users/amazecrest/ReactPrjocts/Weather Dashboard/src/components/PrecipitationChart.tsx": {"path":"/Users/amazecrest/ReactPrjocts/Weather Dashboard/src/components/PrecipitationChart.tsx","statementMap":{"0":{"start":{"line":11,"column":62},"end":{"line":80,"column":1}},"1":{"start":{"line":12,"column":2},"end":{"line":79,"column":4}},"2":{"start":{"line":33,"column":29},"end":{"line":33,"column":44}},"3":{"start":{"line":34,"column":16},"end":{"line":37,"column":19}},"4":{"start":{"line":53,"column":44},"end":{"line":53,"column":76}},"5":{"start":{"line":55,"column":29},"end":{"line":55,"column":44}},"6":{"start":{"line":56,"column":16},"end":{"line":59,"column":19}}},"fnMap":{"0":{"name":"(anonymous_0)","decl":{"start":{"line":11,"column":62},"end":{"line":11,"column":63}},"loc":{"start":{"line":11,"column":101},"end":{"line":80,"column":1}},"line":11},"1":{"name":"(anonymous_1)","decl":{"start":{"line":32,"column":29},"end":{"line":32,"column":30}},"loc":{"start":{"line":32,"column":40},"end":{"line":38,"column":15}},"line":32},"2":{"name":"(anonymous_2)","decl":{"start":{"line":53,"column":25},"end":{"line":53,"column":26}},"loc":{"start":{"line":53,"column":44},"end":{"line":53,"column":76}},"line":53},"3":{"name":"(anonymous_3)","decl":{"start":{"line":54,"column":30},"end":{"line":54,"column":31}},"loc":{"start":{"line":54,"column":41},"end":{"line":60,"column":15}},"line":54}},"branchMap":{"0":{"loc":{"start":{"line":11,"column":71},"end":{"line":11,"column":85}},"type":"default-arg","locations":[{"start":{"line":11,"column":83},"end":{"line":11,"column":85}}],"line":11}},"s":{"0":1,"1":4,"2":0,"3":0,"4":0,"5":0,"6":0},"f":{"0":4,"1":0,"2":0,"3":0},"b":{"0":[4]},"_coverageSchema":"1a1c01bbd47fc00a2c39e90264f33305004495a9","hash":"2fe1332c2ddf74c132871b68ff536d97ba814338"}
,"/Users/amazecrest/ReactPrjocts/Weather Dashboard/src/components/TemperatureChart.tsx": {"path":"/Users/amazecrest/ReactPrjocts/Weather Dashboard/src/components/TemperatureChart.tsx","statementMap":{"0":{"start":{"line":11,"column":58},"end":{"line":107,"column":1}},"1":{"start":{"line":12,"column":2},"end":{"line":106,"column":4}},"2":{"start":{"line":34,"column":29},"end":{"line":34,"column":44}},"3":{"start":{"line":35,"column":16},"end":{"line":38,"column":19}},"4":{"start":{"line":54,"column":58},"end":{"line":57,"column":15}},"5":{"start":{"line":59,"column":29},"end":{"line":59,"column":44}},"6":{"start":{"line":60,"column":16},"end":{"line":65,"column":19}}},"fnMap":{"0":{"name":"(anonymous_0)","decl":{"start":{"line":11,"column":58},"end":{"line":11,"column":59}},"loc":{"start":{"line":11,"column":97},"end":{"line":107,"column":1}},"line":11},"1":{"name":"(anonymous_1)","decl":{"start":{"line":33,"column":29},"end":{"line":33,"column":30}},"loc":{"start":{"line":33,"column":40},"end":{"line":39,"column":15}},"line":33},"2":{"name":"(anonymous_2)","decl":{"start":{"line":54,"column":25},"end":{"line":54,"column":26}},"loc":{"start":{"line":54,"column":58},"end":{"line":57,"column":15}},"line":54},"3":{"name":"(anonymous_3)","decl":{"start":{"line":58,"column":30},"end":{"line":58,"column":31}},"loc":{"start":{"line":58,"column":41},"end":{"line":66,"column":15}},"line":58}},"branchMap":{"0":{"loc":{"start":{"line":11,"column":67},"end":{"line":11,"column":81}},"type":"default-arg","locations":[{"start":{"line":11,"column":79},"end":{"line":11,"column":81}}],"line":11}},"s":{"0":1,"1":8,"2":0,"3":0,"4":0,"5":0,"6":0},"f":{"0":8,"1":0,"2":0,"3":0},"b":{"0":[6]},"_coverageSchema":"1a1c01bbd47fc00a2c39e90264f33305004495a9","hash":"a289c856b21cb5cb483645342e075fe75e522f29"}
,"/Users/amazecrest/ReactPrjocts/Weather Dashboard/src/components/WindSpeedChart.tsx": {"path":"/Users/amazecrest/ReactPrjocts/Weather Dashboard/src/components/WindSpeedChart.tsx","statementMap":{"0":{"start":{"line":11,"column":54},"end":{"line":85,"column":1}},"1":{"start":{"line":12,"column":2},"end":{"line":84,"column":4}},"2":{"start":{"line":33,"column":29},"end":{"line":33,"column":44}},"3":{"start":{"line":34,"column":16},"end":{"line":37,"column":19}},"4":{"start":{"line":53,"column":44},"end":{"line":53,"column":90}},"5":{"start":{"line":55,"column":29},"end":{"line":55,"column":44}},"6":{"start":{"line":56,"column":16},"end":{"line":61,"column":19}}},"fnMap":{"0":{"name":"(anonymous_0)","decl":{"start":{"line":11,"column":54},"end":{"line":11,"column":55}},"loc":{"start":{"line":11,"column":93},"end":{"line":85,"column":1}},"line":11},"1":{"name":"(anonymous_1)","decl":{"start":{"line":32,"column":29},"end":{"line":32,"column":30}},"loc":{"start":{"line":32,"column":40},"end":{"line":38,"column":15}},"line":32},"2":{"name":"(anonymous_2)","decl":{"start":{"line":53,"column":25},"end":{"line":53,"column":26}},"loc":{"start":{"line":53,"column":44},"end":{"line":53,"column":90}},"line":53},"3":{"name":"(anonymous_3)","decl":{"start":{"line":54,"column":30},"end":{"line":54,"column":31}},"loc":{"start":{"line":54,"column":41},"end":{"line":62,"column":15}},"line":54}},"branchMap":{"0":{"loc":{"start":{"line":11,"column":63},"end":{"line":11,"column":77}},"type":"default-arg","locations":[{"start":{"line":11,"column":75},"end":{"line":11,"column":77}}],"line":11}},"s":{"0":1,"1":4,"2":0,"3":0,"4":0,"5":0,"6":0},"f":{"0":4,"1":0,"2":0,"3":0},"b":{"0":[4]},"_coverageSchema":"1a1c01bbd47fc00a2c39e90264f33305004495a9","hash":"ea7350277b9d79339e41431a951a50fbcc00199a"}
,"/Users/amazecrest/ReactPrjocts/Weather Dashboard/src/constants/cities.ts": {"path":"/Users/amazecrest/ReactPrjocts/Weather Dashboard/src/constants/cities.ts","statementMap":{"0":{"start":{"line":4,"column":30},"end":{"line":47,"column":1}},"1":{"start":{"line":50,"column":28},"end":{"line":50,"column":37}},"2":{"start":{"line":53,"column":52},"end":{"line":96,"column":1}},"3":{"start":{"line":99,"column":28},"end":{"line":109,"column":1}},"4":{"start":{"line":112,"column":28},"end":{"line":112,"column":75}},"5":{"start":{"line":115,"column":35},"end":{"line":115,"column":37}},"6":{"start":{"line":118,"column":35},"end":{"line":127,"column":1}},"7":{"start":{"line":119,"column":14},"end":{"line":119,"column":24}},"8":{"start":{"line":120,"column":16},"end":{"line":120,"column":26}},"9":{"start":{"line":121,"column":2},"end":{"line":121,"column":35}},"10":{"start":{"line":123,"column":2},"end":{"line":126,"column":4}}},"fnMap":{"0":{"name":"(anonymous_0)","decl":{"start":{"line":118,"column":35},"end":{"line":118,"column":36}},"loc":{"start":{"line":118,"column":41},"end":{"line":127,"column":1}},"line":118}},"branchMap":{},"s":{"0":4,"1":4,"2":4,"3":4,"4":4,"5":4,"6":4,"7":0,"8":0,"9":0,"10":0},"f":{"0":0},"b":{},"_coverageSchema":"1a1c01bbd47fc00a2c39e90264f33305004495a9","hash":"ec62acc13c2f0f3d00cae67c92c57554a28e269c"}
,"/Users/amazecrest/ReactPrjocts/Weather Dashboard/src/pages/DetailedInsights.tsx": {"path":"/Users/amazecrest/ReactPrjocts/Weather Dashboard/src/pages/DetailedInsights.tsx","statementMap":{"0":{"start":{"line":13,"column":29},"end":{"line":27,"column":1}},"1":{"start":{"line":14,"column":2},"end":{"line":14,"column":68}},"2":{"start":{"line":14,"column":59},"end":{"line":14,"column":68}},"3":{"start":{"line":16,"column":12},"end":{"line":16,"column":24}},"4":{"start":{"line":17,"column":15},"end":{"line":17,"column":47}},"5":{"start":{"line":17,"column":38},"end":{"line":17,"column":43}},"6":{"start":{"line":18,"column":15},"end":{"line":18,"column":47}},"7":{"start":{"line":18,"column":38},"end":{"line":18,"column":43}},"8":{"start":{"line":19,"column":17},"end":{"line":19,"column":53}},"9":{"start":{"line":19,"column":40},"end":{"line":19,"column":49}},"10":{"start":{"line":20,"column":17},"end":{"line":20,"column":53}},"11":{"start":{"line":20,"column":40},"end":{"line":20,"column":49}},"12":{"start":{"line":21,"column":15},"end":{"line":21,"column":61}},"13":{"start":{"line":21,"column":41},"end":{"line":21,"column":57}},"14":{"start":{"line":23,"column":14},"end":{"line":23,"column":38}},"15":{"start":{"line":24,"column":14},"end":{"line":24,"column":80}},"16":{"start":{"line":26,"column":2},"end":{"line":26,"column":35}},"17":{"start":{"line":29,"column":26},"end":{"line":39,"column":1}},"18":{"start":{"line":30,"column":44},"end":{"line":37,"column":3}},"19":{"start":{"line":38,"column":2},"end":{"line":38,"column":32}},"20":{"start":{"line":41,"column":25},"end":{"line":51,"column":1}},"21":{"start":{"line":42,"column":43},"end":{"line":49,"column":3}},"22":{"start":{"line":50,"column":2},"end":{"line":50,"column":28}},"23":{"start":{"line":53,"column":26},"end":{"line":68,"column":1}},"24":{"start":{"line":54,"column":2},"end":{"line":54,"column":50}},"25":{"start":{"line":54,"column":23},"end":{"line":54,"column":50}},"26":{"start":{"line":56,"column":20},"end":{"line":56,"column":62}},"27":{"start":{"line":57,"column":21},"end":{"line":57,"column":60}},"28":{"start":{"line":59,"column":19},"end":{"line":59,"column":74}},"29":{"start":{"line":59,"column":46},"end":{"line":59,"column":51}},"30":{"start":{"line":60,"column":20},"end":{"line":60,"column":77}},"31":{"start":{"line":60,"column":48},"end":{"line":60,"column":53}},"32":{"start":{"line":62,"column":15},"end":{"line":62,"column":35}},"33":{"start":{"line":63,"column":24},"end":{"line":63,"column":47}},"34":{"start":{"line":65,"column":2},"end":{"line":65,"column":45}},"35":{"start":{"line":65,"column":25},"end":{"line":65,"column":45}},"36":{"start":{"line":66,"column":2},"end":{"line":66,"column":46}},"37":{"start":{"line":66,"column":26},"end":{"line":66,"column":46}},"38":{"start":{"line":67,"column":2},"end":{"line":67,"column":18}},"39":{"start":{"line":70,"column":35},"end":{"line":383,"column":1}},"40":{"start":{"line":71,"column":19},"end":{"line":71,"column":32}},"41":{"start":{"line":72,"column":19},"end":{"line":72,"column":32}},"42":{"start":{"line":73,"column":26},"end":{"line":77,"column":10}},"43":{"start":{"line":79,"column":42},"end":{"line":79,"column":97}},"44":{"start":{"line":80,"column":36},"end":{"line":80,"column":97}},"45":{"start":{"line":81,"column":54},"end":{"line":83,"column":3}},"46":{"start":{"line":84,"column":40},"end":{"line":84,"column":81}},"47":{"start":{"line":85,"column":32},"end":{"line":85,"column":47}},"48":{"start":{"line":86,"column":28},"end":{"line":86,"column":57}},"49":{"start":{"line":88,"column":26},"end":{"line":106,"column":85}},"50":{"start":{"line":89,"column":4},"end":{"line":89,"column":21}},"51":{"start":{"line":90,"column":4},"end":{"line":90,"column":19}},"52":{"start":{"line":92,"column":4},"end":{"line":105,"column":5}},"53":{"start":{"line":93,"column":19},"end":{"line":98,"column":7}},"54":{"start":{"line":99,"column":6},"end":{"line":99,"column":27}},"55":{"start":{"line":101,"column":6},"end":{"line":101,"column":65}},"56":{"start":{"line":102,"column":6},"end":{"line":102,"column":56}},"57":{"start":{"line":104,"column":6},"end":{"line":104,"column":24}},"58":{"start":{"line":108,"column":2},"end":{"line":110,"column":24}},"59":{"start":{"line":109,"column":4},"end":{"line":109,"column":22}},"60":{"start":{"line":112,"column":20},"end":{"line":112,"column":91}},"61":{"start":{"line":114,"column":2},"end":{"line":382,"column":4}},"62":{"start":{"line":148,"column":29},"end":{"line":148,"column":42}},"63":{"start":{"line":230,"column":33},"end":{"line":230,"column":54}},"64":{"start":{"line":231,"column":33},"end":{"line":231,"column":54}},"65":{"start":{"line":232,"column":37},"end":{"line":232,"column":113}},"66":{"start":{"line":232,"column":56},"end":{"line":232,"column":65}},"67":{"start":{"line":232,"column":79},"end":{"line":232,"column":100}},"68":{"start":{"line":233,"column":37},"end":{"line":233,"column":113}},"69":{"start":{"line":233,"column":56},"end":{"line":233,"column":65}},"70":{"start":{"line":233,"column":79},"end":{"line":233,"column":100}},"71":{"start":{"line":236,"column":36},"end":{"line":236,"column":93}},"72":{"start":{"line":236,"column":64},"end":{"line":236,"column":69}},"73":{"start":{"line":237,"column":36},"end":{"line":237,"column":93}},"74":{"start":{"line":237,"column":64},"end":{"line":237,"column":69}},"75":{"start":{"line":238,"column":36},"end":{"line":238,"column":59}},"76":{"start":{"line":239,"column":36},"end":{"line":239,"column":59}},"77":{"start":{"line":240,"column":36},"end":{"line":240,"column":59}},"78":{"start":{"line":241,"column":36},"end":{"line":241,"column":59}},"79":{"start":{"line":244,"column":38},"end":{"line":244,"column":82}},"80":{"start":{"line":246,"column":18},"end":{"line":346,"column":20}}},"fnMap":{"0":{"name":"(anonymous_0)","decl":{"start":{"line":13,"column":29},"end":{"line":13,"column":30}},"loc":{"start":{"line":13,"column":75},"end":{"line":27,"column":1}},"line":13},"1":{"name":"(anonymous_1)","decl":{"start":{"line":17,"column":28},"end":{"line":17,"column":29}},"loc":{"start":{"line":17,"column":38},"end":{"line":17,"column":43}},"line":17},"2":{"name":"(anonymous_2)","decl":{"start":{"line":18,"column":28},"end":{"line":18,"column":29}},"loc":{"start":{"line":18,"column":38},"end":{"line":18,"column":43}},"line":18},"3":{"name":"(anonymous_3)","decl":{"start":{"line":19,"column":30},"end":{"line":19,"column":31}},"loc":{"start":{"line":19,"column":40},"end":{"line":19,"column":49}},"line":19},"4":{"name":"(anonymous_4)","decl":{"start":{"line":20,"column":30},"end":{"line":20,"column":31}},"loc":{"start":{"line":20,"column":40},"end":{"line":20,"column":49}},"line":20},"5":{"name":"(anonymous_5)","decl":{"start":{"line":21,"column":28},"end":{"line":21,"column":29}},"loc":{"start":{"line":21,"column":41},"end":{"line":21,"column":57}},"line":21},"6":{"name":"(anonymous_6)","decl":{"start":{"line":29,"column":26},"end":{"line":29,"column":27}},"loc":{"start":{"line":29,"column":53},"end":{"line":39,"column":1}},"line":29},"7":{"name":"(anonymous_7)","decl":{"start":{"line":41,"column":25},"end":{"line":41,"column":26}},"loc":{"start":{"line":41,"column":52},"end":{"line":51,"column":1}},"line":41},"8":{"name":"(anonymous_8)","decl":{"start":{"line":53,"column":26},"end":{"line":53,"column":27}},"loc":{"start":{"line":53,"column":54},"end":{"line":68,"column":1}},"line":53},"9":{"name":"(anonymous_9)","decl":{"start":{"line":59,"column":36},"end":{"line":59,"column":37}},"loc":{"start":{"line":59,"column":46},"end":{"line":59,"column":51}},"line":59},"10":{"name":"(anonymous_10)","decl":{"start":{"line":60,"column":38},"end":{"line":60,"column":39}},"loc":{"start":{"line":60,"column":48},"end":{"line":60,"column":53}},"line":60},"11":{"name":"(anonymous_11)","decl":{"start":{"line":70,"column":35},"end":{"line":70,"column":36}},"loc":{"start":{"line":70,"column":41},"end":{"line":383,"column":1}},"line":70},"12":{"name":"(anonymous_12)","decl":{"start":{"line":88,"column":38},"end":{"line":88,"column":39}},"loc":{"start":{"line":88,"column":50},"end":{"line":106,"column":3}},"line":88},"13":{"name":"(anonymous_13)","decl":{"start":{"line":108,"column":12},"end":{"line":108,"column":13}},"loc":{"start":{"line":108,"column":18},"end":{"line":110,"column":3}},"line":108},"14":{"name":"(anonymous_14)","decl":{"start":{"line":148,"column":23},"end":{"line":148,"column":24}},"loc":{"start":{"line":148,"column":29},"end":{"line":148,"column":42}},"line":148},"15":{"name":"(anonymous_15)","decl":{"start":{"line":229,"column":18},"end":{"line":229,"column":19}},"loc":{"start":{"line":229,"column":24},"end":{"line":347,"column":17}},"line":229},"16":{"name":"(anonymous_16)","decl":{"start":{"line":232,"column":51},"end":{"line":232,"column":52}},"loc":{"start":{"line":232,"column":56},"end":{"line":232,"column":65}},"line":232},"17":{"name":"(anonymous_17)","decl":{"start":{"line":232,"column":74},"end":{"line":232,"column":75}},"loc":{"start":{"line":232,"column":79},"end":{"line":232,"column":100}},"line":232},"18":{"name":"(anonymous_18)","decl":{"start":{"line":233,"column":51},"end":{"line":233,"column":52}},"loc":{"start":{"line":233,"column":56},"end":{"line":233,"column":65}},"line":233},"19":{"name":"(anonymous_19)","decl":{"start":{"line":233,"column":74},"end":{"line":233,"column":75}},"loc":{"start":{"line":233,"column":79},"end":{"line":233,"column":100}},"line":233},"20":{"name":"(anonymous_20)","decl":{"start":{"line":236,"column":54},"end":{"line":236,"column":55}},"loc":{"start":{"line":236,"column":64},"end":{"line":236,"column":69}},"line":236},"21":{"name":"(anonymous_21)","decl":{"start":{"line":237,"column":54},"end":{"line":237,"column":55}},"loc":{"start":{"line":237,"column":64},"end":{"line":237,"column":69}},"line":237}},"branchMap":{"0":{"loc":{"start":{"line":14,"column":2},"end":{"line":14,"column":68}},"type":"if","locations":[{"start":{"line":14,"column":2},"end":{"line":14,"column":68}},{"start":{},"end":{}}],"line":14},"1":{"loc":{"start":{"line":14,"column":6},"end":{"line":14,"column":57}},"type":"binary-expr","locations":[{"start":{"line":14,"column":6},"end":{"line":14,"column":35}},{"start":{"line":14,"column":39},"end":{"line":14,"column":57}}],"line":14},"2":{"loc":{"start":{"line":26,"column":9},"end":{"line":26,"column":34}},"type":"cond-expr","locations":[{"start":{"line":26,"column":21},"end":{"line":26,"column":22}},{"start":{"line":26,"column":25},"end":{"line":26,"column":34}}],"line":26},"3":{"loc":{"start":{"line":38,"column":9},"end":{"line":38,"column":31}},"type":"binary-expr","locations":[{"start":{"line":38,"column":9},"end":{"line":38,"column":22}},{"start":{"line":38,"column":26},"end":{"line":38,"column":31}}],"line":38},"4":{"loc":{"start":{"line":50,"column":9},"end":{"line":50,"column":27}},"type":"binary-expr","locations":[{"start":{"line":50,"column":9},"end":{"line":50,"column":21}},{"start":{"line":50,"column":25},"end":{"line":50,"column":27}}],"line":50},"5":{"loc":{"start":{"line":54,"column":2},"end":{"line":54,"column":50}},"type":"if","locations":[{"start":{"line":54,"column":2},"end":{"line":54,"column":50}},{"start":{},"end":{}}],"line":54},"6":{"loc":{"start":{"line":65,"column":2},"end":{"line":65,"column":45}},"type":"if","locations":[{"start":{"line":65,"column":2},"end":{"line":65,"column":45}},{"start":{},"end":{}}],"line":65},"7":{"loc":{"start":{"line":66,"column":2},"end":{"line":66,"column":46}},"type":"if","locations":[{"start":{"line":66,"column":2},"end":{"line":66,"column":46}},{"start":{},"end":{}}],"line":66},"8":{"loc":{"start":{"line":79,"column":51},"end":{"line":79,"column":96}},"type":"binary-expr","locations":[{"start":{"line":79,"column":51},"end":{"line":79,"column":80}},{"start":{"line":79,"column":84},"end":{"line":79,"column":96}}],"line":79},"9":{"loc":{"start":{"line":80,"column":45},"end":{"line":80,"column":96}},"type":"binary-expr","locations":[{"start":{"line":80,"column":45},"end":{"line":80,"column":71}},{"start":{"line":80,"column":75},"end":{"line":80,"column":96}}],"line":80},"10":{"loc":{"start":{"line":82,"column":4},"end":{"line":82,"column":61}},"type":"binary-expr","locations":[{"start":{"line":82,"column":4},"end":{"line":82,"column":39}},{"start":{"line":82,"column":43},"end":{"line":82,"column":61}}],"line":82},"11":{"loc":{"start":{"line":112,"column":20},"end":{"line":112,"column":91}},"type":"cond-expr","locations":[{"start":{"line":112,"column":34},"end":{"line":112,"column":86}},{"start":{"line":112,"column":89},"end":{"line":112,"column":91}}],"line":112},"12":{"loc":{"start":{"line":183,"column":11},"end":{"line":187,"column":11}},"type":"binary-expr","locations":[{"start":{"line":183,"column":11},"end":{"line":183,"column":18}},{"start":{"line":184,"column":12},"end":{"line":186,"column":18}}],"line":183},"13":{"loc":{"start":{"line":190,"column":11},"end":{"line":212,"column":11}},"type":"binary-expr","locations":[{"start":{"line":190,"column":11},"end":{"line":190,"column":16}},{"start":{"line":191,"column":12},"end":{"line":211,"column":18}}],"line":190},"14":{"loc":{"start":{"line":215,"column":11},"end":{"line":222,"column":11}},"type":"binary-expr","locations":[{"start":{"line":215,"column":11},"end":{"line":215,"column":19}},{"start":{"line":215,"column":23},"end":{"line":215,"column":29}},{"start":{"line":216,"column":12},"end":{"line":221,"column":18}}],"line":215},"15":{"loc":{"start":{"line":225,"column":11},"end":{"line":350,"column":11}},"type":"binary-expr","locations":[{"start":{"line":225,"column":11},"end":{"line":225,"column":19}},{"start":{"line":225,"column":23},"end":{"line":225,"column":29}},{"start":{"line":225,"column":33},"end":{"line":225,"column":64}},{"start":{"line":225,"column":68},"end":{"line":225,"column":88}},{"start":{"line":226,"column":12},"end":{"line":349,"column":18}}],"line":225},"16":{"loc":{"start":{"line":251,"column":27},"end":{"line":254,"column":87}},"type":"cond-expr","locations":[{"start":{"line":251,"column":47},"end":{"line":251,"column":64}},{"start":{"line":252,"column":27},"end":{"line":254,"column":87}}],"line":251},"17":{"loc":{"start":{"line":252,"column":27},"end":{"line":254,"column":87}},"type":"cond-expr","locations":[{"start":{"line":252,"column":47},"end":{"line":252,"column":66}},{"start":{"line":253,"column":27},"end":{"line":254,"column":87}}],"line":252},"18":{"loc":{"start":{"line":253,"column":27},"end":{"line":254,"column":87}},"type":"cond-expr","locations":[{"start":{"line":253,"column":48},"end":{"line":253,"column":54}},{"start":{"line":254,"column":27},"end":{"line":254,"column":87}}],"line":253},"19":{"loc":{"start":{"line":254,"column":27},"end":{"line":254,"column":87}},"type":"cond-expr","locations":[{"start":{"line":254,"column":48},"end":{"line":254,"column":67}},{"start":{"line":254,"column":70},"end":{"line":254,"column":87}}],"line":254},"20":{"loc":{"start":{"line":292,"column":27},"end":{"line":294,"column":27}},"type":"binary-expr","locations":[{"start":{"line":292,"column":27},"end":{"line":292,"column":44}},{"start":{"line":293,"column":28},"end":{"line":293,"column":124}}],"line":292},"21":{"loc":{"start":{"line":295,"column":27},"end":{"line":297,"column":27}},"type":"binary-expr","locations":[{"start":{"line":295,"column":27},"end":{"line":295,"column":45}},{"start":{"line":296,"column":28},"end":{"line":296,"column":124}}],"line":295},"22":{"loc":{"start":{"line":298,"column":27},"end":{"line":300,"column":27}},"type":"binary-expr","locations":[{"start":{"line":298,"column":27},"end":{"line":298,"column":54}},{"start":{"line":299,"column":28},"end":{"line":299,"column":122}}],"line":298},"23":{"loc":{"start":{"line":301,"column":27},"end":{"line":303,"column":27}},"type":"binary-expr","locations":[{"start":{"line":301,"column":27},"end":{"line":301,"column":54}},{"start":{"line":302,"column":28},"end":{"line":302,"column":96}}],"line":301},"24":{"loc":{"start":{"line":304,"column":27},"end":{"line":306,"column":27}},"type":"binary-expr","locations":[{"start":{"line":304,"column":27},"end":{"line":304,"column":54}},{"start":{"line":305,"column":28},"end":{"line":305,"column":96}}],"line":304},"25":{"loc":{"start":{"line":327,"column":27},"end":{"line":334,"column":27}},"type":"binary-expr","locations":[{"start":{"line":327,"column":27},"end":{"line":327,"column":49}},{"start":{"line":328,"column":28},"end":{"line":333,"column":34}}],"line":327},"26":{"loc":{"start":{"line":335,"column":27},"end":{"line":342,"column":27}},"type":"binary-expr","locations":[{"start":{"line":335,"column":27},"end":{"line":335,"column":49}},{"start":{"line":336,"column":28},"end":{"line":341,"column":34}}],"line":335},"27":{"loc":{"start":{"line":353,"column":11},"end":{"line":359,"column":11}},"type":"binary-expr","locations":[{"start":{"line":353,"column":11},"end":{"line":353,"column":19}},{"start":{"line":353,"column":23},"end":{"line":353,"column":29}},{"start":{"line":353,"column":33},"end":{"line":353,"column":45}},{"start":{"line":354,"column":12},"end":{"line":358,"column":18}}],"line":353},"28":{"loc":{"start":{"line":362,"column":11},"end":{"line":378,"column":11}},"type":"binary-expr","locations":[{"start":{"line":362,"column":11},"end":{"line":362,"column":42}},{"start":{"line":363,"column":12},"end":{"line":377,"column":18}}],"line":362}},"s":{"0":0,"1":0,"2":0,"3":0,"4":0,"5":0,"6":0,"7":0,"8":0,"9":0,"10":0,"11":0,"12":0,"13":0,"14":0,"15":0,"16":0,"17":0,"18":0,"19":0,"20":0,"21":0,"22":0,"23":0,"24":0,"25":0,"26":0,"27":0,"28":0,"29":0,"30":0,"31":0,"32":0,"33":0,"34":0,"35":0,"36":0,"37":0,"38":0,"39":0,"40":0,"41":0,"42":0,"43":0,"44":0,"45":0,"46":0,"47":0,"48":0,"49":0,"50":0,"51":0,"52":0,"53":0,"54":0,"55":0,"56":0,"57":0,"58":0,"59":0,"60":0,"61":0,"62":0,"63":0,"64":0,"65":0,"66":0,"67":0,"68":0,"69":0,"70":0,"71":0,"72":0,"73":0,"74":0,"75":0,"76":0,"77":0,"78":0,"79":0,"80":0},"f":{"0":0,"1":0,"2":0,"3":0,"4":0,"5":0,"6":0,"7":0,"8":0,"9":0,"10":0,"11":0,"12":0,"13":0,"14":0,"15":0,"16":0,"17":0,"18":0,"19":0,"20":0,"21":0},"b":{"0":[0,0],"1":[0,0],"2":[0,0],"3":[0,0],"4":[0,0],"5":[0,0],"6":[0,0],"7":[0,0],"8":[0,0],"9":[0,0],"10":[0,0],"11":[0,0],"12":[0,0],"13":[0,0],"14":[0,0,0],"15":[0,0,0,0,0],"16":[0,0],"17":[0,0],"18":[0,0],"19":[0,0],"20":[0,0],"21":[0,0],"22":[0,0],"23":[0,0],"24":[0,0],"25":[0,0],"26":[0,0],"27":[0,0,0,0],"28":[0,0]}}
,"/Users/amazecrest/ReactPrjocts/Weather Dashboard/src/pages/Overview.tsx": {"path":"/Users/amazecrest/ReactPrjocts/Weather Dashboard/src/pages/Overview.tsx","statementMap":{"0":{"start":{"line":13,"column":27},"end":{"line":214,"column":1}},"1":{"start":{"line":14,"column":19},"end":{"line":14,"column":32}},"2":{"start":{"line":15,"column":42},"end":{"line":15,"column":64}},"3":{"start":{"line":16,"column":36},"end":{"line":16,"column":67}},"4":{"start":{"line":17,"column":40},"end":{"line":17,"column":81}},"5":{"start":{"line":18,"column":32},"end":{"line":18,"column":47}},"6":{"start":{"line":19,"column":28},"end":{"line":19,"column":57}},"7":{"start":{"line":21,"column":26},"end":{"line":39,"column":85}},"8":{"start":{"line":22,"column":4},"end":{"line":22,"column":21}},"9":{"start":{"line":23,"column":4},"end":{"line":23,"column":19}},"10":{"start":{"line":25,"column":4},"end":{"line":38,"column":5}},"11":{"start":{"line":26,"column":19},"end":{"line":31,"column":7}},"12":{"start":{"line":32,"column":6},"end":{"line":32,"column":27}},"13":{"start":{"line":34,"column":6},"end":{"line":34,"column":65}},"14":{"start":{"line":35,"column":6},"end":{"line":35,"column":56}},"15":{"start":{"line":37,"column":6},"end":{"line":37,"column":24}},"16":{"start":{"line":41,"column":2},"end":{"line":43,"column":24}},"17":{"start":{"line":42,"column":4},"end":{"line":42,"column":22}},"18":{"start":{"line":45,"column":26},"end":{"line":45,"column":82}},"19":{"start":{"line":46,"column":28},"end":{"line":46,"column":86}},"20":{"start":{"line":47,"column":24},"end":{"line":47,"column":78}},"21":{"start":{"line":50,"column":38},"end":{"line":58,"column":3}},"22":{"start":{"line":51,"column":4},"end":{"line":57,"column":7}},"23":{"start":{"line":60,"column":40},"end":{"line":68,"column":3}},"24":{"start":{"line":61,"column":4},"end":{"line":67,"column":7}},"25":{"start":{"line":70,"column":36},"end":{"line":78,"column":3}},"26":{"start":{"line":71,"column":4},"end":{"line":77,"column":7}},"27":{"start":{"line":80,"column":2},"end":{"line":213,"column":4}}},"fnMap":{"0":{"name":"(anonymous_0)","decl":{"start":{"line":13,"column":27},"end":{"line":13,"column":28}},"loc":{"start":{"line":13,"column":33},"end":{"line":214,"column":1}},"line":13},"1":{"name":"(anonymous_1)","decl":{"start":{"line":21,"column":38},"end":{"line":21,"column":39}},"loc":{"start":{"line":21,"column":50},"end":{"line":39,"column":3}},"line":21},"2":{"name":"(anonymous_2)","decl":{"start":{"line":41,"column":12},"end":{"line":41,"column":13}},"loc":{"start":{"line":41,"column":18},"end":{"line":43,"column":3}},"line":41},"3":{"name":"(anonymous_3)","decl":{"start":{"line":50,"column":38},"end":{"line":50,"column":39}},"loc":{"start":{"line":50,"column":44},"end":{"line":58,"column":3}},"line":50},"4":{"name":"(anonymous_4)","decl":{"start":{"line":60,"column":40},"end":{"line":60,"column":41}},"loc":{"start":{"line":60,"column":46},"end":{"line":68,"column":3}},"line":60},"5":{"name":"(anonymous_5)","decl":{"start":{"line":70,"column":36},"end":{"line":70,"column":37}},"loc":{"start":{"line":70,"column":42},"end":{"line":78,"column":3}},"line":70}},"branchMap":{"0":{"loc":{"start":{"line":45,"column":26},"end":{"line":45,"column":82}},"type":"cond-expr","locations":[{"start":{"line":45,"column":40},"end":{"line":45,"column":77}},{"start":{"line":45,"column":80},"end":{"line":45,"column":82}}],"line":45},"1":{"loc":{"start":{"line":46,"column":28},"end":{"line":46,"column":86}},"type":"cond-expr","locations":[{"start":{"line":46,"column":42},"end":{"line":46,"column":81}},{"start":{"line":46,"column":84},"end":{"line":46,"column":86}}],"line":46},"2":{"loc":{"start":{"line":47,"column":24},"end":{"line":47,"column":78}},"type":"cond-expr","locations":[{"start":{"line":47,"column":38},"end":{"line":47,"column":73}},{"start":{"line":47,"column":76},"end":{"line":47,"column":78}}],"line":47},"3":{"loc":{"start":{"line":134,"column":11},"end":{"line":138,"column":11}},"type":"binary-expr","locations":[{"start":{"line":134,"column":11},"end":{"line":134,"column":18}},{"start":{"line":135,"column":12},"end":{"line":137,"column":18}}],"line":134},"4":{"loc":{"start":{"line":141,"column":11},"end":{"line":163,"column":11}},"type":"binary-expr","locations":[{"start":{"line":141,"column":11},"end":{"line":141,"column":16}},{"start":{"line":142,"column":12},"end":{"line":162,"column":18}}],"line":141},"5":{"loc":{"start":{"line":166,"column":11},"end":{"line":200,"column":11}},"type":"binary-expr","locations":[{"start":{"line":166,"column":11},"end":{"line":166,"column":19}},{"start":{"line":166,"column":23},"end":{"line":166,"column":29}},{"start":{"line":166,"column":33},"end":{"line":166,"column":44}},{"start":{"line":167,"column":12},"end":{"line":199,"column":18}}],"line":166},"6":{"loc":{"start":{"line":203,"column":11},"end":{"line":209,"column":11}},"type":"binary-expr","locations":[{"start":{"line":203,"column":11},"end":{"line":203,"column":19}},{"start":{"line":203,"column":23},"end":{"line":203,"column":29}},{"start":{"line":203,"column":33},"end":{"line":203,"column":45}},{"start":{"line":204,"column":12},"end":{"line":208,"column":18}}],"line":203}},"s":{"0":0,"1":0,"2":0,"3":0,"4":0,"5":0,"6":0,"7":0,"8":0,"9":0,"10":0,"11":0,"12":0,"13":0,"14":0,"15":0,"16":0,"17":0,"18":0,"19":0,"20":0,"21":0,"22":0,"23":0,"24":0,"25":0,"26":0,"27":0},"f":{"0":0,"1":0,"2":0,"3":0,"4":0,"5":0},"b":{"0":[0,0],"1":[0,0],"2":[0,0],"3":[0,0],"4":[0,0],"5":[0,0,0,0],"6":[0,0,0,0]}}
,"/Users/amazecrest/ReactPrjocts/Weather Dashboard/src/types/weather.ts": {"path":"/Users/amazecrest/ReactPrjocts/Weather Dashboard/src/types/weather.ts","statementMap":{},"fnMap":{},"branchMap":{},"s":{},"f":{},"b":{}}
,"/Users/amazecrest/ReactPrjocts/Weather Dashboard/src/utils/api.ts": {"path":"/Users/amazecrest/ReactPrjocts/Weather Dashboard/src/utils/api.ts","statementMap":{"0":{"start":{"line":5,"column":32},"end":{"line":28,"column":1}},"1":{"start":{"line":6,"column":14},"end":{"line":6,"column":35}},"2":{"start":{"line":9,"column":2},"end":{"line":13,"column":5}},"3":{"start":{"line":10,"column":4},"end":{"line":12,"column":5}},"4":{"start":{"line":11,"column":6},"end":{"line":11,"column":53}},"5":{"start":{"line":15,"column":2},"end":{"line":27,"column":3}},"6":{"start":{"line":16,"column":21},"end":{"line":16,"column":48}},"7":{"start":{"line":18,"column":4},"end":{"line":20,"column":5}},"8":{"start":{"line":19,"column":6},"end":{"line":19,"column":95}},"9":{"start":{"line":22,"column":37},"end":{"line":22,"column":58}},"10":{"start":{"line":23,"column":4},"end":{"line":23,"column":16}},"11":{"start":{"line":25,"column":4},"end":{"line":25,"column":57}},"12":{"start":{"line":26,"column":4},"end":{"line":26,"column":16}},"13":{"start":{"line":31,"column":37},"end":{"line":47,"column":1}},"14":{"start":{"line":37,"column":35},"end":{"line":44,"column":3}},"15":{"start":{"line":46,"column":2},"end":{"line":46,"column":34}},"16":{"start":{"line":50,"column":38},"end":{"line":66,"column":1}},"17":{"start":{"line":56,"column":35},"end":{"line":63,"column":3}},"18":{"start":{"line":65,"column":2},"end":{"line":65,"column":34}},"19":{"start":{"line":69,"column":40},"end":{"line":78,"column":1}},"20":{"start":{"line":70,"column":2},"end":{"line":70,"column":29}},"21":{"start":{"line":70,"column":19},"end":{"line":70,"column":29}},"22":{"start":{"line":72,"column":2},"end":{"line":77,"column":6}},"23":{"start":{"line":72,"column":47},"end":{"line":77,"column":3}},"24":{"start":{"line":81,"column":42},"end":{"line":88,"column":1}},"25":{"start":{"line":82,"column":2},"end":{"line":82,"column":29}},"26":{"start":{"line":82,"column":19},"end":{"line":82,"column":29}},"27":{"start":{"line":84,"column":2},"end":{"line":87,"column":6}},"28":{"start":{"line":84,"column":47},"end":{"line":87,"column":3}},"29":{"start":{"line":91,"column":38},"end":{"line":98,"column":1}},"30":{"start":{"line":92,"column":2},"end":{"line":92,"column":29}},"31":{"start":{"line":92,"column":19},"end":{"line":92,"column":29}},"32":{"start":{"line":94,"column":2},"end":{"line":97,"column":6}},"33":{"start":{"line":94,"column":47},"end":{"line":97,"column":3}},"34":{"start":{"line":101,"column":35},"end":{"line":121,"column":1}},"35":{"start":{"line":105,"column":2},"end":{"line":105,"column":65}},"36":{"start":{"line":105,"column":55},"end":{"line":105,"column":65}},"37":{"start":{"line":107,"column":2},"end":{"line":120,"column":5}},"38":{"start":{"line":108,"column":47},"end":{"line":110,"column":5}},"39":{"start":{"line":112,"column":4},"end":{"line":117,"column":7}},"40":{"start":{"line":113,"column":6},"end":{"line":116,"column":7}},"41":{"start":{"line":114,"column":23},"end":{"line":114,"column":81}},"42":{"start":{"line":115,"column":8},"end":{"line":115,"column":41}},"43":{"start":{"line":119,"column":4},"end":{"line":119,"column":21}},"44":{"start":{"line":124,"column":26},"end":{"line":130,"column":1}},"45":{"start":{"line":125,"column":15},"end":{"line":125,"column":35}},"46":{"start":{"line":126,"column":2},"end":{"line":129,"column":5}},"47":{"start":{"line":133,"column":30},"end":{"line":141,"column":1}},"48":{"start":{"line":134,"column":15},"end":{"line":134,"column":39}},"49":{"start":{"line":135,"column":2},"end":{"line":140,"column":5}},"50":{"start":{"line":144,"column":33},"end":{"line":149,"column":1}},"51":{"start":{"line":145,"column":16},"end":{"line":145,"column":35}},"52":{"start":{"line":146,"column":14},"end":{"line":146,"column":31}},"53":{"start":{"line":147,"column":19},"end":{"line":147,"column":60}},"54":{"start":{"line":148,"column":2},"end":{"line":148,"column":53}},"55":{"start":{"line":152,"column":30},"end":{"line":157,"column":1}},"56":{"start":{"line":153,"column":16},"end":{"line":153,"column":26}},"57":{"start":{"line":154,"column":18},"end":{"line":154,"column":33}},"58":{"start":{"line":155,"column":2},"end":{"line":155,"column":49}},"59":{"start":{"line":156,"column":2},"end":{"line":156,"column":45}},"60":{"start":{"line":160,"column":33},"end":{"line":192,"column":1}},"61":{"start":{"line":161,"column":16},"end":{"line":161,"column":35}},"62":{"start":{"line":162,"column":14},"end":{"line":162,"column":31}},"63":{"start":{"line":163,"column":16},"end":{"line":163,"column":26}},"64":{"start":{"line":164,"column":25},"end":{"line":164,"column":53}},"65":{"start":{"line":167,"column":2},"end":{"line":169,"column":3}},"66":{"start":{"line":168,"column":4},"end":{"line":168,"column":17}},"67":{"start":{"line":172,"column":2},"end":{"line":174,"column":3}},"68":{"start":{"line":173,"column":4},"end":{"line":173,"column":17}},"69":{"start":{"line":177,"column":2},"end":{"line":179,"column":3}},"70":{"start":{"line":178,"column":4},"end":{"line":178,"column":17}},"71":{"start":{"line":182,"column":2},"end":{"line":184,"column":3}},"72":{"start":{"line":183,"column":4},"end":{"line":183,"column":17}},"73":{"start":{"line":187,"column":2},"end":{"line":189,"column":3}},"74":{"start":{"line":188,"column":4},"end":{"line":188,"column":17}},"75":{"start":{"line":191,"column":2},"end":{"line":191,"column":14}}},"fnMap":{"0":{"name":"(anonymous_0)","decl":{"start":{"line":5,"column":32},"end":{"line":5,"column":33}},"loc":{"start":{"line":5,"column":97},"end":{"line":28,"column":1}},"line":5},"1":{"name":"(anonymous_1)","decl":{"start":{"line":9,"column":33},"end":{"line":9,"column":34}},"loc":{"start":{"line":9,"column":51},"end":{"line":13,"column":3}},"line":9},"2":{"name":"(anonymous_2)","decl":{"start":{"line":31,"column":37},"end":{"line":31,"column":38}},"loc":{"start":{"line":36,"column":34},"end":{"line":47,"column":1}},"line":36},"3":{"name":"(anonymous_3)","decl":{"start":{"line":50,"column":38},"end":{"line":50,"column":39}},"loc":{"start":{"line":55,"column":34},"end":{"line":66,"column":1}},"line":55},"4":{"name":"(anonymous_4)","decl":{"start":{"line":69,"column":40},"end":{"line":69,"column":41}},"loc":{"start":{"line":69,"column":94},"end":{"line":78,"column":1}},"line":69},"5":{"name":"(anonymous_5)","decl":{"start":{"line":72,"column":29},"end":{"line":72,"column":30}},"loc":{"start":{"line":72,"column":47},"end":{"line":77,"column":3}},"line":72},"6":{"name":"(anonymous_6)","decl":{"start":{"line":81,"column":42},"end":{"line":81,"column":43}},"loc":{"start":{"line":81,"column":90},"end":{"line":88,"column":1}},"line":81},"7":{"name":"(anonymous_7)","decl":{"start":{"line":84,"column":29},"end":{"line":84,"column":30}},"loc":{"start":{"line":84,"column":47},"end":{"line":87,"column":3}},"line":84},"8":{"name":"(anonymous_8)","decl":{"start":{"line":91,"column":38},"end":{"line":91,"column":39}},"loc":{"start":{"line":91,"column":86},"end":{"line":98,"column":1}},"line":91},"9":{"name":"(anonymous_9)","decl":{"start":{"line":94,"column":29},"end":{"line":94,"column":30}},"loc":{"start":{"line":94,"column":47},"end":{"line":97,"column":3}},"line":94},"10":{"name":"(anonymous_10)","decl":{"start":{"line":101,"column":35},"end":{"line":101,"column":36}},"loc":{"start":{"line":104,"column":32},"end":{"line":121,"column":1}},"line":104},"11":{"name":"(anonymous_11)","decl":{"start":{"line":107,"column":30},"end":{"line":107,"column":31}},"loc":{"start":{"line":107,"column":47},"end":{"line":120,"column":3}},"line":107},"12":{"name":"(anonymous_12)","decl":{"start":{"line":112,"column":31},"end":{"line":112,"column":32}},"loc":{"start":{"line":112,"column":40},"end":{"line":117,"column":5}},"line":112},"13":{"name":"(anonymous_13)","decl":{"start":{"line":124,"column":26},"end":{"line":124,"column":27}},"loc":{"start":{"line":124,"column":58},"end":{"line":130,"column":1}},"line":124},"14":{"name":"(anonymous_14)","decl":{"start":{"line":133,"column":30},"end":{"line":133,"column":31}},"loc":{"start":{"line":133,"column":66},"end":{"line":141,"column":1}},"line":133},"15":{"name":"(anonymous_15)","decl":{"start":{"line":144,"column":33},"end":{"line":144,"column":34}},"loc":{"start":{"line":144,"column":81},"end":{"line":149,"column":1}},"line":144},"16":{"name":"(anonymous_16)","decl":{"start":{"line":152,"column":30},"end":{"line":152,"column":31}},"loc":{"start":{"line":152,"column":68},"end":{"line":157,"column":1}},"line":152},"17":{"name":"(anonymous_17)","decl":{"start":{"line":160,"column":33},"end":{"line":160,"column":34}},"loc":{"start":{"line":160,"column":99},"end":{"line":192,"column":1}},"line":160}},"branchMap":{"0":{"loc":{"start":{"line":10,"column":4},"end":{"line":12,"column":5}},"type":"if","locations":[{"start":{"line":10,"column":4},"end":{"line":12,"column":5}},{"start":{},"end":{}}],"line":10},"1":{"loc":{"start":{"line":18,"column":4},"end":{"line":20,"column":5}},"type":"if","locations":[{"start":{"line":18,"column":4},"end":{"line":20,"column":5}},{"start":{},"end":{}}],"line":18},"2":{"loc":{"start":{"line":70,"column":2},"end":{"line":70,"column":29}},"type":"if","locations":[{"start":{"line":70,"column":2},"end":{"line":70,"column":29}},{"start":{},"end":{}}],"line":70},"3":{"loc":{"start":{"line":82,"column":2},"end":{"line":82,"column":29}},"type":"if","locations":[{"start":{"line":82,"column":2},"end":{"line":82,"column":29}},{"start":{},"end":{}}],"line":82},"4":{"loc":{"start":{"line":92,"column":2},"end":{"line":92,"column":29}},"type":"if","locations":[{"start":{"line":92,"column":2},"end":{"line":92,"column":29}},{"start":{},"end":{}}],"line":92},"5":{"loc":{"start":{"line":105,"column":2},"end":{"line":105,"column":65}},"type":"if","locations":[{"start":{"line":105,"column":2},"end":{"line":105,"column":65}},{"start":{},"end":{}}],"line":105},"6":{"loc":{"start":{"line":105,"column":6},"end":{"line":105,"column":53}},"type":"binary-expr","locations":[{"start":{"line":105,"column":6},"end":{"line":105,"column":18}},{"start":{"line":105,"column":22},"end":{"line":105,"column":53}}],"line":105},"7":{"loc":{"start":{"line":113,"column":6},"end":{"line":116,"column":7}},"type":"if","locations":[{"start":{"line":113,"column":6},"end":{"line":116,"column":7}},{"start":{},"end":{}}],"line":113},"8":{"loc":{"start":{"line":113,"column":10},"end":{"line":113,"column":71}},"type":"binary-expr","locations":[{"start":{"line":113,"column":10},"end":{"line":113,"column":21}},{"start":{"line":113,"column":25},"end":{"line":113,"column":71}}],"line":113},"9":{"loc":{"start":{"line":152,"column":31},"end":{"line":152,"column":55}},"type":"default-arg","locations":[{"start":{"line":152,"column":53},"end":{"line":152,"column":55}}],"line":152},"10":{"loc":{"start":{"line":167,"column":2},"end":{"line":169,"column":3}},"type":"if","locations":[{"start":{"line":167,"column":2},"end":{"line":169,"column":3}},{"start":{},"end":{}}],"line":167},"11":{"loc":{"start":{"line":167,"column":6},"end":{"line":167,"column":52}},"type":"binary-expr","locations":[{"start":{"line":167,"column":6},"end":{"line":167,"column":28}},{"start":{"line":167,"column":32},"end":{"line":167,"column":52}}],"line":167},"12":{"loc":{"start":{"line":172,"column":2},"end":{"line":174,"column":3}},"type":"if","locations":[{"start":{"line":172,"column":2},"end":{"line":174,"column":3}},{"start":{},"end":{}}],"line":172},"13":{"loc":{"start":{"line":177,"column":2},"end":{"line":179,"column":3}},"type":"if","locations":[{"start":{"line":177,"column":2},"end":{"line":179,"column":3}},{"start":{},"end":{}}],"line":177},"14":{"loc":{"start":{"line":177,"column":6},"end":{"line":177,"column":34}},"type":"binary-expr","locations":[{"start":{"line":177,"column":6},"end":{"line":177,"column":19}},{"start":{"line":177,"column":23},"end":{"line":177,"column":34}}],"line":177},"15":{"loc":{"start":{"line":182,"column":2},"end":{"line":184,"column":3}},"type":"if","locations":[{"start":{"line":182,"column":2},"end":{"line":184,"column":3}},{"start":{},"end":{}}],"line":182},"16":{"loc":{"start":{"line":182,"column":6},"end":{"line":182,"column":52}},"type":"binary-expr","locations":[{"start":{"line":182,"column":6},"end":{"line":182,"column":28}},{"start":{"line":182,"column":32},"end":{"line":182,"column":52}}],"line":182},"17":{"loc":{"start":{"line":187,"column":2},"end":{"line":189,"column":3}},"type":"if","locations":[{"start":{"line":187,"column":2},"end":{"line":189,"column":3}},{"start":{},"end":{}}],"line":187}},"s":{"0":1,"1":0,"2":0,"3":0,"4":0,"5":0,"6":0,"7":0,"8":0,"9":0,"10":0,"11":0,"12":0,"13":1,"14":0,"15":0,"16":1,"17":0,"18":0,"19":1,"20":2,"21":1,"22":1,"23":3,"24":1,"25":2,"26":1,"27":1,"28":3,"29":1,"30":1,"31":0,"32":1,"33":3,"34":1,"35":3,"36":2,"37":1,"38":3,"39":3,"40":6,"41":6,"42":6,"43":3,"44":1,"45":11,"46":11,"47":1,"48":5,"49":5,"50":1,"51":4,"52":4,"53":4,"54":4,"55":1,"56":7,"57":7,"58":7,"59":7,"60":1,"61":5,"62":5,"63":5,"64":5,"65":5,"66":0,"67":5,"68":1,"69":4,"70":1,"71":3,"72":1,"73":2,"74":1,"75":1},"f":{"0":0,"1":0,"2":0,"3":0,"4":2,"5":3,"6":2,"7":3,"8":1,"9":3,"10":3,"11":3,"12":6,"13":11,"14":5,"15":4,"16":7,"17":5},"b":{"0":[0,0],"1":[0,0],"2":[1,1],"3":[1,1],"4":[0,1],"5":[2,1],"6":[3,2],"7":[6,0],"8":[6,6],"9":[1],"10":[0,5],"11":[5,5],"12":[1,4],"13":[1,3],"14":[4,4],"15":[1,2],"16":[3,2],"17":[1,1]},"_coverageSchema":"1a1c01bbd47fc00a2c39e90264f33305004495a9","hash":"94fb120cba2eeedd1167fb95c28ae2bb649eb539"}
,"/Users/amazecrest/ReactPrjocts/Weather Dashboard/src/utils/geocoding.ts": {"path":"/Users/amazecrest/ReactPrjocts/Weather Dashboard/src/utils/geocoding.ts","statementMap":{"0":{"start":{"line":29,"column":20},"end":{"line":29,"column":45}},"1":{"start":{"line":34,"column":28},"end":{"line":103,"column":1}},"2":{"start":{"line":35,"column":2},"end":{"line":37,"column":3}},"3":{"start":{"line":36,"column":4},"end":{"line":36,"column":14}},"4":{"start":{"line":40,"column":19},"end":{"line":40,"column":45}},"5":{"start":{"line":41,"column":2},"end":{"line":43,"column":3}},"6":{"start":{"line":42,"column":4},"end":{"line":42,"column":38}},"7":{"start":{"line":45,"column":2},"end":{"line":102,"column":3}},"8":{"start":{"line":46,"column":21},"end":{"line":57,"column":5}},"9":{"start":{"line":59,"column":4},"end":{"line":61,"column":5}},"10":{"start":{"line":60,"column":6},"end":{"line":60,"column":64}},"11":{"start":{"line":63,"column":39},"end":{"line":63,"column":60}},"12":{"start":{"line":65,"column":27},"end":{"line":93,"column":18}},"13":{"start":{"line":68,"column":8},"end":{"line":71,"column":10}},"14":{"start":{"line":75,"column":24},"end":{"line":75,"column":44}},"15":{"start":{"line":76,"column":25},"end":{"line":77,"column":57}},"16":{"start":{"line":79,"column":24},"end":{"line":79,"column":52}},"17":{"start":{"line":80,"column":22},"end":{"line":80,"column":59}},"18":{"start":{"line":82,"column":8},"end":{"line":90,"column":10}},"19":{"start":{"line":92,"column":22},"end":{"line":92,"column":47}},"20":{"start":{"line":96,"column":4},"end":{"line":96,"column":38}},"21":{"start":{"line":98,"column":4},"end":{"line":98,"column":18}},"22":{"start":{"line":100,"column":4},"end":{"line":100,"column":52}},"23":{"start":{"line":101,"column":4},"end":{"line":101,"column":14}},"24":{"start":{"line":105,"column":37},"end":{"line":111,"column":1}},"25":{"start":{"line":106,"column":2},"end":{"line":106,"column":30}},"26":{"start":{"line":107,"column":2},"end":{"line":110,"column":10}},"27":{"start":{"line":108,"column":19},"end":{"line":108,"column":44}},"28":{"start":{"line":109,"column":4},"end":{"line":109,"column":21}},"29":{"start":{"line":114,"column":26},"end":{"line":114,"column":59}},"30":{"start":{"line":116,"column":30},"end":{"line":124,"column":1}},"31":{"start":{"line":117,"column":23},"end":{"line":117,"column":40}},"32":{"start":{"line":118,"column":17},"end":{"line":118,"column":57}},"33":{"start":{"line":118,"column":40},"end":{"line":118,"column":56}},"34":{"start":{"line":120,"column":2},"end":{"line":123,"column":3}},"35":{"start":{"line":121,"column":4},"end":{"line":121,"column":28}},"36":{"start":{"line":122,"column":4},"end":{"line":122,"column":74}},"37":{"start":{"line":126,"column":31},"end":{"line":136,"column":1}},"38":{"start":{"line":127,"column":2},"end":{"line":134,"column":3}},"39":{"start":{"line":128,"column":19},"end":{"line":128,"column":58}},"40":{"start":{"line":129,"column":4},"end":{"line":131,"column":5}},"41":{"start":{"line":130,"column":6},"end":{"line":130,"column":32}},"42":{"start":{"line":133,"column":4},"end":{"line":133,"column":57}},"43":{"start":{"line":135,"column":2},"end":{"line":135,"column":12}},"44":{"start":{"line":138,"column":32},"end":{"line":142,"column":1}},"45":{"start":{"line":139,"column":23},"end":{"line":139,"column":40}},"46":{"start":{"line":140,"column":19},"end":{"line":140,"column":60}},"47":{"start":{"line":140,"column":44},"end":{"line":140,"column":59}},"48":{"start":{"line":141,"column":2},"end":{"line":141,"column":68}},"49":{"start":{"line":144,"column":33},"end":{"line":146,"column":1}},"50":{"start":{"line":145,"column":2},"end":{"line":145,"column":45}}},"fnMap":{"0":{"name":"(anonymous_0)","decl":{"start":{"line":34,"column":28},"end":{"line":34,"column":29}},"loc":{"start":{"line":34,"column":70},"end":{"line":103,"column":1}},"line":34},"1":{"name":"(anonymous_1)","decl":{"start":{"line":66,"column":14},"end":{"line":66,"column":15}},"loc":{"start":{"line":66,"column":24},"end":{"line":72,"column":7}},"line":66},"2":{"name":"(anonymous_2)","decl":{"start":{"line":73,"column":11},"end":{"line":73,"column":12}},"loc":{"start":{"line":73,"column":21},"end":{"line":91,"column":7}},"line":73},"3":{"name":"(anonymous_3)","decl":{"start":{"line":92,"column":14},"end":{"line":92,"column":15}},"loc":{"start":{"line":92,"column":22},"end":{"line":92,"column":47}},"line":92},"4":{"name":"(anonymous_4)","decl":{"start":{"line":105,"column":37},"end":{"line":105,"column":38}},"loc":{"start":{"line":105,"column":92},"end":{"line":111,"column":1}},"line":105},"5":{"name":"(anonymous_5)","decl":{"start":{"line":107,"column":29},"end":{"line":107,"column":30}},"loc":{"start":{"line":107,"column":41},"end":{"line":110,"column":3}},"line":107},"6":{"name":"(anonymous_6)","decl":{"start":{"line":116,"column":30},"end":{"line":116,"column":31}},"loc":{"start":{"line":116,"column":52},"end":{"line":124,"column":1}},"line":116},"7":{"name":"(anonymous_7)","decl":{"start":{"line":118,"column":35},"end":{"line":118,"column":36}},"loc":{"start":{"line":118,"column":40},"end":{"line":118,"column":56}},"line":118},"8":{"name":"(anonymous_8)","decl":{"start":{"line":126,"column":31},"end":{"line":126,"column":32}},"loc":{"start":{"line":126,"column":45},"end":{"line":136,"column":1}},"line":126},"9":{"name":"(anonymous_9)","decl":{"start":{"line":138,"column":32},"end":{"line":138,"column":33}},"loc":{"start":{"line":138,"column":58},"end":{"line":142,"column":1}},"line":138},"10":{"name":"(anonymous_10)","decl":{"start":{"line":140,"column":39},"end":{"line":140,"column":40}},"loc":{"start":{"line":140,"column":44},"end":{"line":140,"column":59}},"line":140},"11":{"name":"(anonymous_11)","decl":{"start":{"line":144,"column":33},"end":{"line":144,"column":34}},"loc":{"start":{"line":144,"column":45},"end":{"line":146,"column":1}},"line":144}},"branchMap":{"0":{"loc":{"start":{"line":35,"column":2},"end":{"line":37,"column":3}},"type":"if","locations":[{"start":{"line":35,"column":2},"end":{"line":37,"column":3}},{"start":{},"end":{}}],"line":35},"1":{"loc":{"start":{"line":35,"column":6},"end":{"line":35,"column":39}},"type":"binary-expr","locations":[{"start":{"line":35,"column":6},"end":{"line":35,"column":19}},{"start":{"line":35,"column":23},"end":{"line":35,"column":39}}],"line":35},"2":{"loc":{"start":{"line":41,"column":2},"end":{"line":43,"column":3}},"type":"if","locations":[{"start":{"line":41,"column":2},"end":{"line":43,"column":3}},{"start":{},"end":{}}],"line":41},"3":{"loc":{"start":{"line":59,"column":4},"end":{"line":61,"column":5}},"type":"if","locations":[{"start":{"line":59,"column":4},"end":{"line":61,"column":5}},{"start":{},"end":{}}],"line":59},"4":{"loc":{"start":{"line":69,"column":10},"end":{"line":70,"column":75}},"type":"binary-expr","locations":[{"start":{"line":69,"column":10},"end":{"line":69,"column":34}},{"start":{"line":70,"column":10},"end":{"line":70,"column":75}}],"line":69},"5":{"loc":{"start":{"line":75,"column":24},"end":{"line":75,"column":44}},"type":"binary-expr","locations":[{"start":{"line":75,"column":24},"end":{"line":75,"column":38}},{"start":{"line":75,"column":42},"end":{"line":75,"column":44}}],"line":75},"6":{"loc":{"start":{"line":76,"column":25},"end":{"line":77,"column":57}},"type":"binary-expr","locations":[{"start":{"line":76,"column":25},"end":{"line":76,"column":37}},{"start":{"line":76,"column":41},"end":{"line":76,"column":53}},{"start":{"line":76,"column":57},"end":{"line":76,"column":72}},{"start":{"line":76,"column":76},"end":{"line":76,"column":96}},{"start":{"line":77,"column":24},"end":{"line":77,"column":57}}],"line":76},"7":{"loc":{"start":{"line":79,"column":24},"end":{"line":79,"column":52}},"type":"binary-expr","locations":[{"start":{"line":79,"column":24},"end":{"line":79,"column":39}},{"start":{"line":79,"column":43},"end":{"line":79,"column":52}}],"line":79},"8":{"loc":{"start":{"line":80,"column":22},"end":{"line":80,"column":59}},"type":"binary-expr","locations":[{"start":{"line":80,"column":22},"end":{"line":80,"column":35}},{"start":{"line":80,"column":39},"end":{"line":80,"column":53}},{"start":{"line":80,"column":57},"end":{"line":80,"column":59}}],"line":80},"9":{"loc":{"start":{"line":92,"column":22},"end":{"line":92,"column":47}},"type":"binary-expr","locations":[{"start":{"line":92,"column":22},"end":{"line":92,"column":31}},{"start":{"line":92,"column":35},"end":{"line":92,"column":47}}],"line":92},"10":{"loc":{"start":{"line":120,"column":2},"end":{"line":123,"column":3}},"type":"if","locations":[{"start":{"line":120,"column":2},"end":{"line":123,"column":3}},{"start":{},"end":{}}],"line":120},"11":{"loc":{"start":{"line":129,"column":4},"end":{"line":131,"column":5}},"type":"if","locations":[{"start":{"line":129,"column":4},"end":{"line":131,"column":5}},{"start":{},"end":{}}],"line":129}},"s":{"0":1,"1":1,"2":0,"3":0,"4":0,"5":0,"6":0,"7":0,"8":0,"9":0,"10":0,"11":0,"12":0,"13":0,"14":0,"15":0,"16":0,"17":0,"18":0,"19":0,"20":0,"21":0,"22":0,"23":0,"24":1,"25":0,"26":0,"27":0,"28":0,"29":1,"30":1,"31":0,"32":0,"33":0,"34":0,"35":0,"36":0,"37":1,"38":8,"39":8,"40":8,"41":0,"42":0,"43":8,"44":1,"45":0,"46":0,"47":0,"48":0,"49":1,"50":0},"f":{"0":0,"1":0,"2":0,"3":0,"4":0,"5":0,"6":0,"7":0,"8":8,"9":0,"10":0,"11":0},"b":{"0":[0,0],"1":[0,0],"2":[0,0],"3":[0,0],"4":[0,0],"5":[0,0],"6":[0,0,0,0,0],"7":[0,0],"8":[0,0,0],"9":[0,0],"10":[0,0],"11":[0,8]},"_coverageSchema":"1a1c01bbd47fc00a2c39e90264f33305004495a9","hash":"fe1eab67ef27913dc825a893ffeaa8225def09c0"}
}
