TN:
SF:src/App.tsx
FN:6,App
FNF:1
FNH:0
FNDA:0,App
DA:7,0
LF:1
LH:0
BRF:0
BRH:0
end_of_record
TN:
SF:src/index.tsx
FNF:0
FNH:0
DA:6,0
DA:9,0
LF:2
LH:0
BRF:0
BRH:0
end_of_record
TN:
SF:src/components/CitySelector.tsx
FN:20,(anonymous_0)
FN:35,(anonymous_1)
FN:40,(anonymous_2)
FN:42,(anonymous_3)
FN:56,(anonymous_4)
FN:64,(anonymous_5)
FN:65,(anonymous_6)
FN:72,(anonymous_7)
FN:77,(anonymous_8)
FN:79,(anonymous_9)
FN:81,(anonymous_10)
FN:90,(anonymous_11)
FN:96,(anonymous_12)
FN:102,(anonymous_13)
FN:118,(anonymous_14)
FN:121,(anonymous_15)
FN:121,(anonymous_16)
FN:129,(anonymous_17)
FN:132,(anonymous_18)
FN:138,(anonymous_19)
FN:139,(anonymous_20)
FN:202,(anonymous_21)
FN:205,(anonymous_22)
FN:227,(anonymous_23)
FN:229,(anonymous_24)
FNF:25
FNH:7
FNDA:22,(anonymous_0)
FNDA:8,(anonymous_1)
FNDA:8,(anonymous_2)
FNDA:0,(anonymous_3)
FNDA:0,(anonymous_4)
FNDA:0,(anonymous_5)
FNDA:0,(anonymous_6)
FNDA:0,(anonymous_7)
FNDA:2,(anonymous_8)
FNDA:0,(anonymous_9)
FNDA:0,(anonymous_10)
FNDA:0,(anonymous_11)
FNDA:0,(anonymous_12)
FNDA:0,(anonymous_13)
FNDA:0,(anonymous_14)
FNDA:0,(anonymous_15)
FNDA:0,(anonymous_16)
FNDA:4,(anonymous_17)
FNDA:0,(anonymous_18)
FNDA:0,(anonymous_19)
FNDA:0,(anonymous_20)
FNDA:28,(anonymous_21)
FNDA:2,(anonymous_22)
FNDA:0,(anonymous_23)
FNDA:0,(anonymous_24)
DA:12,1
DA:20,1
DA:25,22
DA:26,22
DA:27,22
DA:28,22
DA:29,22
DA:31,22
DA:32,22
DA:35,22
DA:36,8
DA:40,22
DA:41,8
DA:42,0
DA:43,0
DA:46,8
DA:51,22
DA:54,22
DA:57,0
DA:62,22
DA:65,0
DA:66,0
DA:72,22
DA:73,0
DA:74,0
DA:77,22
DA:79,2
DA:80,0
DA:81,0
DA:84,2
DA:85,2
DA:86,2
DA:87,2
DA:90,22
DA:91,0
DA:93,0
DA:95,0
DA:96,0
DA:97,0
DA:99,0
DA:101,0
DA:102,0
DA:103,0
DA:105,0
DA:106,0
DA:107,0
DA:109,0
DA:111,0
DA:112,0
DA:113,0
DA:114,0
DA:118,22
DA:119,0
DA:120,0
DA:121,0
DA:124,0
DA:125,0
DA:129,22
DA:130,4
DA:131,4
DA:132,4
DA:133,0
DA:138,22
DA:139,0
DA:140,0
DA:141,0
DA:142,0
DA:147,22
DA:151,22
DA:203,28
DA:205,2
DA:227,0
DA:229,0
LF:73
LH:35
BRDA:23,0,0,20
BRDA:41,1,0,0
BRDA:41,1,1,8
BRDA:54,2,0,22
BRDA:54,2,1,0
BRDA:57,3,0,0
BRDA:57,3,1,0
BRDA:66,4,0,0
BRDA:66,4,1,0
BRDA:79,5,0,0
BRDA:79,5,1,2
BRDA:79,6,0,2
BRDA:79,6,1,0
BRDA:91,7,0,0
BRDA:91,7,1,0
BRDA:93,8,0,0
BRDA:93,8,1,0
BRDA:93,8,2,0
BRDA:93,8,3,0
BRDA:97,9,0,0
BRDA:97,9,1,0
BRDA:102,10,0,0
BRDA:102,10,1,0
BRDA:106,11,0,0
BRDA:106,11,1,0
BRDA:106,12,0,0
BRDA:106,12,1,0
BRDA:124,13,0,0
BRDA:124,13,1,0
BRDA:131,14,0,4
BRDA:131,14,1,0
BRDA:147,15,0,0
BRDA:147,15,1,22
BRDA:149,16,0,0
BRDA:149,16,1,22
BRDA:169,17,0,22
BRDA:169,17,1,4
BRDA:196,18,0,0
BRDA:196,18,1,4
BRDA:198,19,0,0
BRDA:198,19,1,0
BRDA:207,20,0,0
BRDA:207,20,1,28
BRDA:210,21,0,4
BRDA:210,21,1,24
BRDA:215,22,0,28
BRDA:215,22,1,0
BRDA:217,23,0,28
BRDA:217,23,1,24
BRDA:222,24,0,28
BRDA:222,24,1,0
BRDA:227,25,0,28
BRDA:227,25,1,0
BRDA:227,25,2,0
BRF:54
BRH:19
end_of_record
TN:
SF:src/components/DateRangePicker.tsx
FN:15,(anonymous_0)
FN:30,(anonymous_1)
FN:43,(anonymous_2)
FN:76,(anonymous_3)
FNF:4
FNH:3
FNDA:8,(anonymous_0)
FNDA:1,(anonymous_1)
FNDA:2,(anonymous_2)
FNDA:0,(anonymous_3)
DA:15,1
DA:20,8
DA:23,8
DA:24,8
DA:27,8
DA:30,8
DA:31,1
DA:32,1
DA:33,1
DA:40,8
DA:43,2
DA:76,0
LF:12
LH:11
BRDA:18,0,0,7
BRDA:32,1,0,1
BRDA:32,1,1,0
BRDA:32,2,0,1
BRDA:32,2,1,1
BRDA:55,3,0,8
BRDA:55,3,1,2
BRF:7
BRH:6
end_of_record
TN:
SF:src/components/DetailedChart.tsx
FN:28,(anonymous_0)
FN:30,(anonymous_1)
FN:47,(anonymous_2)
FNF:3
FNH:2
FNDA:8,(anonymous_0)
FNDA:6,(anonymous_1)
FNDA:0,(anonymous_2)
DA:19,1
DA:28,8
DA:30,1
DA:31,6
DA:47,0
LF:5
LH:4
BRDA:28,0,0,0
BRDA:28,0,1,8
BRDA:51,1,0,6
BRDA:51,1,1,0
BRDA:52,2,0,6
BRDA:52,2,1,0
BRDA:54,3,0,6
BRDA:54,3,1,0
BRDA:54,4,0,6
BRDA:54,4,1,0
BRDA:57,5,0,6
BRDA:57,5,1,0
BRDA:58,6,0,6
BRDA:58,6,1,0
BRDA:58,7,0,6
BRDA:58,7,1,0
BRDA:62,8,0,6
BRDA:62,8,1,2
BRDA:66,9,0,2
BRDA:66,9,1,0
BRDA:67,10,0,2
BRDA:67,10,1,0
BRDA:69,11,0,2
BRDA:69,11,1,0
BRDA:69,12,0,2
BRDA:69,12,1,0
BRDA:72,13,0,2
BRDA:72,13,1,0
BRDA:73,14,0,2
BRDA:73,14,1,0
BRDA:73,15,0,2
BRDA:73,15,1,0
BRDA:87,16,0,6
BRDA:87,16,1,0
BRDA:90,17,0,6
BRDA:90,17,1,0
BRDA:90,18,0,6
BRDA:90,18,1,0
BRDA:92,19,0,6
BRDA:92,19,1,2
BRDA:97,20,0,2
BRDA:97,20,1,0
BRDA:100,21,0,2
BRDA:100,21,1,0
BRDA:100,22,0,2
BRDA:100,22,1,0
BRF:46
BRH:25
end_of_record
TN:
SF:src/components/LoadingSpinner.tsx
FN:8,(anonymous_0)
FNF:1
FNH:1
FNDA:11,(anonymous_0)
DA:8,1
DA:12,11
DA:18,11
LF:3
LH:3
BRDA:9,0,0,8
BRDA:10,1,0,7
BRF:2
BRH:2
end_of_record
TN:
SF:src/components/MultiParameterChart.tsx
FN:12,(anonymous_0)
FN:17,(anonymous_1)
FN:18,(anonymous_2)
FN:67,(anonymous_3)
FN:74,(anonymous_4)
FN:77,(anonymous_5)
FNF:6
FNH:4
FNDA:6,(anonymous_0)
FNDA:20,(anonymous_1)
FNDA:60,(anonymous_2)
FNDA:0,(anonymous_3)
FNDA:0,(anonymous_4)
FNDA:8,(anonymous_5)
DA:12,1
DA:17,6
DA:18,60
DA:21,6
DA:22,6
DA:23,6
DA:26,6
DA:28,6
DA:68,0
DA:69,0
DA:74,0
DA:78,8
DA:79,8
DA:81,8
DA:83,8
LF:15
LH:12
BRDA:15,0,0,6
BRDA:26,1,0,6
BRDA:26,1,1,2
BRDA:26,1,2,2
BRDA:26,1,3,2
BRDA:49,2,0,6
BRDA:49,2,1,0
BRDA:54,3,0,6
BRDA:54,3,1,2
BRDA:60,4,0,2
BRDA:60,4,1,0
BRDA:70,5,0,0
BRDA:70,5,1,0
BRDA:71,6,0,0
BRDA:71,6,1,0
BRDA:79,7,0,0
BRDA:79,7,1,8
BRDA:81,8,0,2
BRDA:81,8,1,6
BRDA:81,9,0,8
BRDA:81,9,1,4
BRDA:99,10,0,6
BRDA:99,10,1,0
BRF:23
BRH:15
end_of_record
TN:
SF:src/components/ParameterSelector.tsx
FN:17,(anonymous_0)
FN:22,(anonymous_1)
FN:23,(anonymous_2)
FN:29,(anonymous_3)
FN:34,(anonymous_4)
FN:41,(anonymous_5)
FN:43,(anonymous_6)
FN:53,(anonymous_7)
FN:61,(anonymous_8)
FN:62,(anonymous_9)
FN:72,(anonymous_10)
FN:92,(anonymous_11)
FN:98,(anonymous_12)
FNF:13
FNH:7
FNDA:7,(anonymous_0)
FNDA:6,(anonymous_1)
FNDA:0,(anonymous_2)
FNDA:6,(anonymous_3)
FNDA:0,(anonymous_4)
FNDA:0,(anonymous_5)
FNDA:0,(anonymous_6)
FNDA:1,(anonymous_7)
FNDA:4,(anonymous_8)
FNDA:5,(anonymous_9)
FNDA:0,(anonymous_10)
FNDA:6,(anonymous_11)
FNDA:0,(anonymous_12)
DA:3,1
DA:17,1
DA:18,7
DA:19,7
DA:22,7
DA:23,6
DA:24,0
DA:25,0
DA:28,6
DA:29,6
DA:30,6
DA:34,7
DA:35,0
DA:36,0
DA:37,0
DA:41,7
DA:42,0
DA:43,0
DA:46,7
DA:50,7
DA:53,1
DA:62,5
DA:63,4
DA:72,0
DA:93,6
DA:94,6
DA:95,6
DA:98,0
LF:28
LH:19
BRDA:24,0,0,0
BRDA:24,0,1,0
BRDA:24,1,0,0
BRDA:24,1,1,0
BRDA:35,2,0,0
BRDA:35,2,1,0
BRDA:36,3,0,0
BRDA:36,3,1,0
BRDA:46,4,0,4
BRDA:46,4,1,3
BRDA:58,5,0,7
BRDA:58,5,1,4
BRDA:68,6,0,4
BRDA:68,6,1,0
BRDA:84,7,0,1
BRDA:84,7,1,6
BRDA:89,8,0,7
BRDA:89,8,1,1
BRDA:94,9,0,6
BRDA:94,9,1,0
BRDA:98,10,0,0
BRDA:98,10,1,0
BRDA:100,11,0,0
BRDA:100,11,1,6
BRDA:102,12,0,0
BRDA:102,12,1,6
BRDA:106,13,0,0
BRDA:106,13,1,6
BRDA:109,14,0,6
BRDA:109,14,1,0
BRF:30
BRH:14
end_of_record
TN:
SF:src/components/PrecipitationChart.tsx
FN:11,(anonymous_0)
FN:32,(anonymous_1)
FN:53,(anonymous_2)
FN:54,(anonymous_3)
FNF:4
FNH:1
FNDA:4,(anonymous_0)
FNDA:0,(anonymous_1)
FNDA:0,(anonymous_2)
FNDA:0,(anonymous_3)
DA:11,1
DA:12,4
DA:33,0
DA:34,0
DA:53,0
DA:55,0
DA:56,0
LF:7
LH:2
BRDA:11,0,0,4
BRF:1
BRH:1
end_of_record
TN:
SF:src/components/TemperatureChart.tsx
FN:11,(anonymous_0)
FN:33,(anonymous_1)
FN:54,(anonymous_2)
FN:58,(anonymous_3)
FNF:4
FNH:1
FNDA:8,(anonymous_0)
FNDA:0,(anonymous_1)
FNDA:0,(anonymous_2)
FNDA:0,(anonymous_3)
DA:11,1
DA:12,8
DA:34,0
DA:35,0
DA:54,0
DA:59,0
DA:60,0
LF:7
LH:2
BRDA:11,0,0,6
BRF:1
BRH:1
end_of_record
TN:
SF:src/components/WindSpeedChart.tsx
FN:11,(anonymous_0)
FN:32,(anonymous_1)
FN:53,(anonymous_2)
FN:54,(anonymous_3)
FNF:4
FNH:1
FNDA:4,(anonymous_0)
FNDA:0,(anonymous_1)
FNDA:0,(anonymous_2)
FNDA:0,(anonymous_3)
DA:11,1
DA:12,4
DA:33,0
DA:34,0
DA:53,0
DA:55,0
DA:56,0
LF:7
LH:2
BRDA:11,0,0,4
BRF:1
BRH:1
end_of_record
TN:
SF:src/constants/cities.ts
FN:118,(anonymous_0)
FNF:1
FNH:0
FNDA:0,(anonymous_0)
DA:4,4
DA:50,4
DA:53,4
DA:99,4
DA:112,4
DA:115,4
DA:118,4
DA:119,0
DA:120,0
DA:121,0
DA:123,0
LF:11
LH:7
BRF:0
BRH:0
end_of_record
TN:
SF:src/pages/DetailedInsights.tsx
FN:13,(anonymous_0)
FN:17,(anonymous_1)
FN:18,(anonymous_2)
FN:19,(anonymous_3)
FN:20,(anonymous_4)
FN:21,(anonymous_5)
FN:29,(anonymous_6)
FN:41,(anonymous_7)
FN:53,(anonymous_8)
FN:59,(anonymous_9)
FN:60,(anonymous_10)
FN:70,(anonymous_11)
FN:88,(anonymous_12)
FN:108,(anonymous_13)
FN:148,(anonymous_14)
FN:229,(anonymous_15)
FN:232,(anonymous_16)
FN:232,(anonymous_17)
FN:233,(anonymous_18)
FN:233,(anonymous_19)
FN:236,(anonymous_20)
FN:237,(anonymous_21)
FNF:22
FNH:0
FNDA:0,(anonymous_0)
FNDA:0,(anonymous_1)
FNDA:0,(anonymous_2)
FNDA:0,(anonymous_3)
FNDA:0,(anonymous_4)
FNDA:0,(anonymous_5)
FNDA:0,(anonymous_6)
FNDA:0,(anonymous_7)
FNDA:0,(anonymous_8)
FNDA:0,(anonymous_9)
FNDA:0,(anonymous_10)
FNDA:0,(anonymous_11)
FNDA:0,(anonymous_12)
FNDA:0,(anonymous_13)
FNDA:0,(anonymous_14)
FNDA:0,(anonymous_15)
FNDA:0,(anonymous_16)
FNDA:0,(anonymous_17)
FNDA:0,(anonymous_18)
FNDA:0,(anonymous_19)
FNDA:0,(anonymous_20)
FNDA:0,(anonymous_21)
DA:13,0
DA:14,0
DA:16,0
DA:17,0
DA:18,0
DA:19,0
DA:20,0
DA:21,0
DA:23,0
DA:24,0
DA:26,0
DA:29,0
DA:30,0
DA:38,0
DA:41,0
DA:42,0
DA:50,0
DA:53,0
DA:54,0
DA:56,0
DA:57,0
DA:59,0
DA:60,0
DA:62,0
DA:63,0
DA:65,0
DA:66,0
DA:67,0
DA:70,0
DA:71,0
DA:72,0
DA:73,0
DA:79,0
DA:80,0
DA:81,0
DA:84,0
DA:85,0
DA:86,0
DA:88,0
DA:89,0
DA:90,0
DA:92,0
DA:93,0
DA:99,0
DA:101,0
DA:102,0
DA:104,0
DA:108,0
DA:109,0
DA:112,0
DA:114,0
DA:148,0
DA:230,0
DA:231,0
DA:232,0
DA:233,0
DA:236,0
DA:237,0
DA:238,0
DA:239,0
DA:240,0
DA:241,0
DA:244,0
DA:246,0
LF:64
LH:0
BRDA:14,0,0,0
BRDA:14,0,1,0
BRDA:14,1,0,0
BRDA:14,1,1,0
BRDA:26,2,0,0
BRDA:26,2,1,0
BRDA:38,3,0,0
BRDA:38,3,1,0
BRDA:50,4,0,0
BRDA:50,4,1,0
BRDA:54,5,0,0
BRDA:54,5,1,0
BRDA:65,6,0,0
BRDA:65,6,1,0
BRDA:66,7,0,0
BRDA:66,7,1,0
BRDA:79,8,0,0
BRDA:79,8,1,0
BRDA:80,9,0,0
BRDA:80,9,1,0
BRDA:82,10,0,0
BRDA:82,10,1,0
BRDA:112,11,0,0
BRDA:112,11,1,0
BRDA:183,12,0,0
BRDA:183,12,1,0
BRDA:190,13,0,0
BRDA:190,13,1,0
BRDA:215,14,0,0
BRDA:215,14,1,0
BRDA:215,14,2,0
BRDA:225,15,0,0
BRDA:225,15,1,0
BRDA:225,15,2,0
BRDA:225,15,3,0
BRDA:225,15,4,0
BRDA:251,16,0,0
BRDA:251,16,1,0
BRDA:252,17,0,0
BRDA:252,17,1,0
BRDA:253,18,0,0
BRDA:253,18,1,0
BRDA:254,19,0,0
BRDA:254,19,1,0
BRDA:292,20,0,0
BRDA:292,20,1,0
BRDA:295,21,0,0
BRDA:295,21,1,0
BRDA:298,22,0,0
BRDA:298,22,1,0
BRDA:301,23,0,0
BRDA:301,23,1,0
BRDA:304,24,0,0
BRDA:304,24,1,0
BRDA:327,25,0,0
BRDA:327,25,1,0
BRDA:335,26,0,0
BRDA:335,26,1,0
BRDA:353,27,0,0
BRDA:353,27,1,0
BRDA:353,27,2,0
BRDA:353,27,3,0
BRDA:362,28,0,0
BRDA:362,28,1,0
BRF:64
BRH:0
end_of_record
TN:
SF:src/pages/Overview.tsx
FN:13,(anonymous_0)
FN:21,(anonymous_1)
FN:41,(anonymous_2)
FN:50,(anonymous_3)
FN:60,(anonymous_4)
FN:70,(anonymous_5)
FNF:6
FNH:0
FNDA:0,(anonymous_0)
FNDA:0,(anonymous_1)
FNDA:0,(anonymous_2)
FNDA:0,(anonymous_3)
FNDA:0,(anonymous_4)
FNDA:0,(anonymous_5)
DA:13,0
DA:14,0
DA:15,0
DA:16,0
DA:17,0
DA:18,0
DA:19,0
DA:21,0
DA:22,0
DA:23,0
DA:25,0
DA:26,0
DA:32,0
DA:34,0
DA:35,0
DA:37,0
DA:41,0
DA:42,0
DA:45,0
DA:46,0
DA:47,0
DA:50,0
DA:51,0
DA:60,0
DA:61,0
DA:70,0
DA:71,0
DA:80,0
LF:28
LH:0
BRDA:45,0,0,0
BRDA:45,0,1,0
BRDA:46,1,0,0
BRDA:46,1,1,0
BRDA:47,2,0,0
BRDA:47,2,1,0
BRDA:134,3,0,0
BRDA:134,3,1,0
BRDA:141,4,0,0
BRDA:141,4,1,0
BRDA:166,5,0,0
BRDA:166,5,1,0
BRDA:166,5,2,0
BRDA:166,5,3,0
BRDA:203,6,0,0
BRDA:203,6,1,0
BRDA:203,6,2,0
BRDA:203,6,3,0
BRF:18
BRH:0
end_of_record
TN:
SF:src/types/weather.ts
FNF:0
FNH:0
LF:0
LH:0
BRF:0
BRH:0
end_of_record
TN:
SF:src/utils/api.ts
FN:5,(anonymous_0)
FN:9,(anonymous_1)
FN:31,(anonymous_2)
FN:50,(anonymous_3)
FN:69,(anonymous_4)
FN:72,(anonymous_5)
FN:81,(anonymous_6)
FN:84,(anonymous_7)
FN:91,(anonymous_8)
FN:94,(anonymous_9)
FN:101,(anonymous_10)
FN:107,(anonymous_11)
FN:112,(anonymous_12)
FN:124,(anonymous_13)
FN:133,(anonymous_14)
FN:144,(anonymous_15)
FN:152,(anonymous_16)
FN:160,(anonymous_17)
FNF:18
FNH:14
FNDA:0,(anonymous_0)
FNDA:0,(anonymous_1)
FNDA:0,(anonymous_2)
FNDA:0,(anonymous_3)
FNDA:2,(anonymous_4)
FNDA:3,(anonymous_5)
FNDA:2,(anonymous_6)
FNDA:3,(anonymous_7)
FNDA:1,(anonymous_8)
FNDA:3,(anonymous_9)
FNDA:3,(anonymous_10)
FNDA:3,(anonymous_11)
FNDA:6,(anonymous_12)
FNDA:11,(anonymous_13)
FNDA:5,(anonymous_14)
FNDA:4,(anonymous_15)
FNDA:7,(anonymous_16)
FNDA:5,(anonymous_17)
DA:5,1
DA:6,0
DA:9,0
DA:10,0
DA:11,0
DA:15,0
DA:16,0
DA:18,0
DA:19,0
DA:22,0
DA:23,0
DA:25,0
DA:26,0
DA:31,1
DA:37,0
DA:46,0
DA:50,1
DA:56,0
DA:65,0
DA:69,1
DA:70,2
DA:72,3
DA:81,1
DA:82,2
DA:84,3
DA:91,1
DA:92,1
DA:94,3
DA:101,1
DA:105,3
DA:107,1
DA:108,3
DA:112,3
DA:113,6
DA:114,6
DA:115,6
DA:119,3
DA:124,1
DA:125,11
DA:126,11
DA:133,1
DA:134,5
DA:135,5
DA:144,1
DA:145,4
DA:146,4
DA:147,4
DA:148,4
DA:152,1
DA:153,7
DA:154,7
DA:155,7
DA:156,7
DA:160,1
DA:161,5
DA:162,5
DA:163,5
DA:164,5
DA:167,5
DA:168,0
DA:172,5
DA:173,1
DA:177,4
DA:178,1
DA:182,3
DA:183,1
DA:187,2
DA:188,1
DA:191,1
LF:69
LH:52
BRDA:10,0,0,0
BRDA:10,0,1,0
BRDA:18,1,0,0
BRDA:18,1,1,0
BRDA:70,2,0,1
BRDA:70,2,1,1
BRDA:82,3,0,1
BRDA:82,3,1,1
BRDA:92,4,0,0
BRDA:92,4,1,1
BRDA:105,5,0,2
BRDA:105,5,1,1
BRDA:105,6,0,3
BRDA:105,6,1,2
BRDA:113,7,0,6
BRDA:113,7,1,0
BRDA:113,8,0,6
BRDA:113,8,1,6
BRDA:152,9,0,1
BRDA:167,10,0,0
BRDA:167,10,1,5
BRDA:167,11,0,5
BRDA:167,11,1,5
BRDA:172,12,0,1
BRDA:172,12,1,4
BRDA:177,13,0,1
BRDA:177,13,1,3
BRDA:177,14,0,4
BRDA:177,14,1,4
BRDA:182,15,0,1
BRDA:182,15,1,2
BRDA:182,16,0,3
BRDA:182,16,1,2
BRDA:187,17,0,1
BRDA:187,17,1,1
BRF:35
BRH:28
end_of_record
TN:
SF:src/utils/geocoding.ts
FN:34,(anonymous_0)
FN:66,(anonymous_1)
FN:73,(anonymous_2)
FN:92,(anonymous_3)
FN:105,(anonymous_4)
FN:107,(anonymous_5)
FN:116,(anonymous_6)
FN:118,(anonymous_7)
FN:126,(anonymous_8)
FN:138,(anonymous_9)
FN:140,(anonymous_10)
FN:144,(anonymous_11)
FNF:12
FNH:1
FNDA:0,(anonymous_0)
FNDA:0,(anonymous_1)
FNDA:0,(anonymous_2)
FNDA:0,(anonymous_3)
FNDA:0,(anonymous_4)
FNDA:0,(anonymous_5)
FNDA:0,(anonymous_6)
FNDA:0,(anonymous_7)
FNDA:8,(anonymous_8)
FNDA:0,(anonymous_9)
FNDA:0,(anonymous_10)
FNDA:0,(anonymous_11)
DA:29,1
DA:34,1
DA:35,0
DA:36,0
DA:40,0
DA:41,0
DA:42,0
DA:45,0
DA:46,0
DA:59,0
DA:60,0
DA:63,0
DA:65,0
DA:68,0
DA:75,0
DA:76,0
DA:79,0
DA:80,0
DA:82,0
DA:92,0
DA:96,0
DA:98,0
DA:100,0
DA:101,0
DA:105,1
DA:106,0
DA:107,0
DA:108,0
DA:109,0
DA:114,1
DA:116,1
DA:117,0
DA:118,0
DA:120,0
DA:121,0
DA:122,0
DA:126,1
DA:127,8
DA:128,8
DA:129,8
DA:130,0
DA:133,0
DA:135,8
DA:138,1
DA:139,0
DA:140,0
DA:141,0
DA:144,1
DA:145,0
LF:49
LH:12
BRDA:35,0,0,0
BRDA:35,0,1,0
BRDA:35,1,0,0
BRDA:35,1,1,0
BRDA:41,2,0,0
BRDA:41,2,1,0
BRDA:59,3,0,0
BRDA:59,3,1,0
BRDA:69,4,0,0
BRDA:69,4,1,0
BRDA:75,5,0,0
BRDA:75,5,1,0
BRDA:76,6,0,0
BRDA:76,6,1,0
BRDA:76,6,2,0
BRDA:76,6,3,0
BRDA:76,6,4,0
BRDA:79,7,0,0
BRDA:79,7,1,0
BRDA:80,8,0,0
BRDA:80,8,1,0
BRDA:80,8,2,0
BRDA:92,9,0,0
BRDA:92,9,1,0
BRDA:120,10,0,0
BRDA:120,10,1,0
BRDA:129,11,0,0
BRDA:129,11,1,8
BRF:28
BRH:1
end_of_record
